{"C:\\Users\\rahul\\college stuffs\\project 3\\hospital-admin-system\\backend\\src\\index.js": {"path":"C:\\Users\\rahul\\college stuffs\\project 3\\hospital-admin-system\\backend\\src\\index.js","statementMap":{"0":{"start":{"line":1,"column":16},"end":{"line":1,"column":34}},"1":{"start":{"line":2,"column":13},"end":{"line":2,"column":28}},"2":{"start":{"line":3,"column":15},"end":{"line":3,"column":32}},"3":{"start":{"line":4,"column":18},"end":{"line":4,"column":46}},"4":{"start":{"line":5,"column":15},"end":{"line":5,"column":41}},"5":{"start":{"line":6,"column":21},"end":{"line":6,"column":57}},"6":{"start":{"line":8,"column":19},"end":{"line":8,"column":49}},"7":{"start":{"line":9,"column":22},"end":{"line":9,"column":55}},"8":{"start":{"line":10,"column":26},"end":{"line":10,"column":63}},"9":{"start":{"line":11,"column":19},"end":{"line":11,"column":49}},"10":{"start":{"line":12,"column":24},"end":{"line":12,"column":59}},"11":{"start":{"line":13,"column":22},"end":{"line":13,"column":55}},"12":{"start":{"line":14,"column":19},"end":{"line":14,"column":49}},"13":{"start":{"line":16,"column":0},"end":{"line":16,"column":27}},"14":{"start":{"line":18,"column":12},"end":{"line":18,"column":21}},"15":{"start":{"line":21,"column":20},"end":{"line":40,"column":1}},"16":{"start":{"line":24,"column":4},"end":{"line":24,"column":45}},"17":{"start":{"line":24,"column":17},"end":{"line":24,"column":45}},"18":{"start":{"line":27,"column":4},"end":{"line":29,"column":5}},"19":{"start":{"line":28,"column":6},"end":{"line":28,"column":34}},"20":{"start":{"line":32,"column":27},"end":{"line":32,"column":68}},"21":{"start":{"line":33,"column":4},"end":{"line":35,"column":5}},"22":{"start":{"line":34,"column":6},"end":{"line":34,"column":34}},"23":{"start":{"line":37,"column":4},"end":{"line":37,"column":47}},"24":{"start":{"line":43,"column":0},"end":{"line":43,"column":18}},"25":{"start":{"line":44,"column":0},"end":{"line":44,"column":27}},"26":{"start":{"line":45,"column":0},"end":{"line":45,"column":24}},"27":{"start":{"line":46,"column":0},"end":{"line":46,"column":63}},"28":{"start":{"line":49,"column":0},"end":{"line":52,"column":3}},"29":{"start":{"line":50,"column":2},"end":{"line":50,"column":51}},"30":{"start":{"line":51,"column":2},"end":{"line":51,"column":9}},"31":{"start":{"line":55,"column":0},"end":{"line":55,"column":33}},"32":{"start":{"line":56,"column":0},"end":{"line":56,"column":40}},"33":{"start":{"line":57,"column":0},"end":{"line":57,"column":48}},"34":{"start":{"line":58,"column":0},"end":{"line":58,"column":34}},"35":{"start":{"line":59,"column":0},"end":{"line":59,"column":43}},"36":{"start":{"line":60,"column":0},"end":{"line":60,"column":40}},"37":{"start":{"line":61,"column":0},"end":{"line":61,"column":34}},"38":{"start":{"line":64,"column":0},"end":{"line":66,"column":3}},"39":{"start":{"line":65,"column":2},"end":{"line":65,"column":52}},"40":{"start":{"line":69,"column":0},"end":{"line":74,"column":3}},"41":{"start":{"line":70,"column":2},"end":{"line":73,"column":5}},"42":{"start":{"line":77,"column":0},"end":{"line":77,"column":22}},"43":{"start":{"line":80,"column":27},"end":{"line":93,"column":1}},"44":{"start":{"line":81,"column":2},"end":{"line":92,"column":3}},"45":{"start":{"line":82,"column":4},"end":{"line":82,"column":35}},"46":{"start":{"line":83,"column":4},"end":{"line":83,"column":51}},"47":{"start":{"line":87,"column":4},"end":{"line":87,"column":76}},"48":{"start":{"line":88,"column":4},"end":{"line":88,"column":35}},"49":{"start":{"line":90,"column":4},"end":{"line":90,"column":55}},"50":{"start":{"line":91,"column":4},"end":{"line":91,"column":20}},"51":{"start":{"line":96,"column":13},"end":{"line":96,"column":37}},"52":{"start":{"line":97,"column":14},"end":{"line":102,"column":1}},"53":{"start":{"line":98,"column":2},"end":{"line":98,"column":29}},"54":{"start":{"line":99,"column":2},"end":{"line":101,"column":5}},"55":{"start":{"line":100,"column":4},"end":{"line":100,"column":50}},"56":{"start":{"line":105,"column":0},"end":{"line":107,"column":1}},"57":{"start":{"line":106,"column":2},"end":{"line":106,"column":10}},"58":{"start":{"line":109,"column":0},"end":{"line":109,"column":21}}},"fnMap":{"0":{"name":"(anonymous_0)","decl":{"start":{"line":22,"column":10},"end":{"line":22,"column":11}},"loc":{"start":{"line":22,"column":38},"end":{"line":38,"column":3}},"line":22},"1":{"name":"(anonymous_1)","decl":{"start":{"line":49,"column":8},"end":{"line":49,"column":9}},"loc":{"start":{"line":49,"column":28},"end":{"line":52,"column":1}},"line":49},"2":{"name":"(anonymous_2)","decl":{"start":{"line":64,"column":19},"end":{"line":64,"column":20}},"loc":{"start":{"line":64,"column":33},"end":{"line":66,"column":1}},"line":64},"3":{"name":"(anonymous_3)","decl":{"start":{"line":69,"column":8},"end":{"line":69,"column":9}},"loc":{"start":{"line":69,"column":22},"end":{"line":74,"column":1}},"line":69},"4":{"name":"(anonymous_4)","decl":{"start":{"line":80,"column":27},"end":{"line":80,"column":28}},"loc":{"start":{"line":80,"column":39},"end":{"line":93,"column":1}},"line":80},"5":{"name":"(anonymous_5)","decl":{"start":{"line":97,"column":14},"end":{"line":97,"column":15}},"loc":{"start":{"line":97,"column":26},"end":{"line":102,"column":1}},"line":97},"6":{"name":"(anonymous_6)","decl":{"start":{"line":99,"column":19},"end":{"line":99,"column":20}},"loc":{"start":{"line":99,"column":25},"end":{"line":101,"column":3}},"line":99}},"branchMap":{"0":{"loc":{"start":{"line":24,"column":4},"end":{"line":24,"column":45}},"type":"if","locations":[{"start":{"line":24,"column":4},"end":{"line":24,"column":45}},{"start":{},"end":{}}],"line":24},"1":{"loc":{"start":{"line":27,"column":4},"end":{"line":29,"column":5}},"type":"if","locations":[{"start":{"line":27,"column":4},"end":{"line":29,"column":5}},{"start":{},"end":{}}],"line":27},"2":{"loc":{"start":{"line":27,"column":8},"end":{"line":27,"column":88}},"type":"binary-expr","locations":[{"start":{"line":27,"column":8},"end":{"line":27,"column":46}},{"start":{"line":27,"column":50},"end":{"line":27,"column":88}}],"line":27},"3":{"loc":{"start":{"line":32,"column":27},"end":{"line":32,"column":68}},"type":"binary-expr","locations":[{"start":{"line":32,"column":27},"end":{"line":32,"column":62}},{"start":{"line":32,"column":66},"end":{"line":32,"column":68}}],"line":32},"4":{"loc":{"start":{"line":33,"column":4},"end":{"line":35,"column":5}},"type":"if","locations":[{"start":{"line":33,"column":4},"end":{"line":35,"column":5}},{"start":{},"end":{}}],"line":33},"5":{"loc":{"start":{"line":96,"column":13},"end":{"line":96,"column":37}},"type":"binary-expr","locations":[{"start":{"line":96,"column":13},"end":{"line":96,"column":29}},{"start":{"line":96,"column":33},"end":{"line":96,"column":37}}],"line":96},"6":{"loc":{"start":{"line":105,"column":0},"end":{"line":107,"column":1}},"type":"if","locations":[{"start":{"line":105,"column":0},"end":{"line":107,"column":1}},{"start":{},"end":{}}],"line":105}},"s":{"0":2,"1":2,"2":2,"3":2,"4":2,"5":2,"6":2,"7":2,"8":2,"9":2,"10":2,"11":2,"12":2,"13":2,"14":2,"15":2,"16":15,"17":15,"18":0,"19":0,"20":0,"21":0,"22":0,"23":0,"24":2,"25":2,"26":2,"27":2,"28":2,"29":15,"30":15,"31":2,"32":2,"33":2,"34":2,"35":2,"36":2,"37":2,"38":2,"39":1,"40":2,"41":0,"42":2,"43":2,"44":0,"45":0,"46":0,"47":0,"48":0,"49":0,"50":0,"51":2,"52":2,"53":0,"54":0,"55":0,"56":2,"57":0,"58":2},"f":{"0":15,"1":15,"2":1,"3":0,"4":0,"5":0,"6":0},"b":{"0":[15,0],"1":[0,0],"2":[0,0],"3":[0,0],"4":[0,0],"5":[2,0],"6":[0,2]},"_coverageSchema":"1a1c01bbd47fc00a2c39e90264f33305004495a9","hash":"e3200af4e656548fdd536ff779bb87178555ccc4"}
,"C:\\Users\\rahul\\college stuffs\\project 3\\hospital-admin-system\\backend\\src\\config\\database.js": {"path":"C:\\Users\\rahul\\college stuffs\\project 3\\hospital-admin-system\\backend\\src\\config\\database.js","statementMap":{"0":{"start":{"line":1,"column":22},"end":{"line":1,"column":42}},"1":{"start":{"line":2,"column":0},"end":{"line":2,"column":27}},"2":{"start":{"line":6,"column":0},"end":{"line":40,"column":1}},"3":{"start":{"line":8,"column":2},"end":{"line":16,"column":5}},"4":{"start":{"line":19,"column":2},"end":{"line":39,"column":4}},"5":{"start":{"line":42,"column":0},"end":{"line":42,"column":27}}},"fnMap":{},"branchMap":{"0":{"loc":{"start":{"line":6,"column":0},"end":{"line":40,"column":1}},"type":"if","locations":[{"start":{"line":6,"column":0},"end":{"line":40,"column":1}},{"start":{"line":17,"column":7},"end":{"line":40,"column":1}}],"line":6},"1":{"loc":{"start":{"line":10,"column":13},"end":{"line":10,"column":63}},"type":"binary-expr","locations":[{"start":{"line":10,"column":13},"end":{"line":10,"column":35}},{"start":{"line":10,"column":39},"end":{"line":10,"column":63}}],"line":10},"2":{"loc":{"start":{"line":11,"column":13},"end":{"line":11,"column":73}},"type":"cond-expr","locations":[{"start":{"line":11,"column":54},"end":{"line":11,"column":65}},{"start":{"line":11,"column":68},"end":{"line":11,"column":73}}],"line":11},"3":{"loc":{"start":{"line":24,"column":12},"end":{"line":24,"column":46}},"type":"binary-expr","locations":[{"start":{"line":24,"column":12},"end":{"line":24,"column":31}},{"start":{"line":24,"column":35},"end":{"line":24,"column":46}}],"line":24},"4":{"loc":{"start":{"line":27,"column":15},"end":{"line":27,"column":75}},"type":"cond-expr","locations":[{"start":{"line":27,"column":56},"end":{"line":27,"column":67}},{"start":{"line":27,"column":70},"end":{"line":27,"column":75}}],"line":27}},"s":{"0":2,"1":2,"2":2,"3":2,"4":0,"5":2},"f":{},"b":{"0":[2,0],"1":[2,0],"2":[0,2],"3":[0,0],"4":[0,0]},"_coverageSchema":"1a1c01bbd47fc00a2c39e90264f33305004495a9","hash":"227d5860fb6f15520ac23bf1abaac312d036c2e4"}
,"C:\\Users\\rahul\\college stuffs\\project 3\\hospital-admin-system\\backend\\src\\config\\logger.js": {"path":"C:\\Users\\rahul\\college stuffs\\project 3\\hospital-admin-system\\backend\\src\\config\\logger.js","statementMap":{"0":{"start":{"line":1,"column":16},"end":{"line":1,"column":34}},"1":{"start":{"line":2,"column":0},"end":{"line":2,"column":27}},"2":{"start":{"line":4,"column":15},"end":{"line":16,"column":2}},"3":{"start":{"line":18,"column":0},"end":{"line":25,"column":1}},"4":{"start":{"line":19,"column":2},"end":{"line":24,"column":6}},"5":{"start":{"line":27,"column":0},"end":{"line":27,"column":24}}},"fnMap":{},"branchMap":{"0":{"loc":{"start":{"line":5,"column":9},"end":{"line":5,"column":40}},"type":"binary-expr","locations":[{"start":{"line":5,"column":9},"end":{"line":5,"column":30}},{"start":{"line":5,"column":34},"end":{"line":5,"column":40}}],"line":5},"1":{"loc":{"start":{"line":18,"column":0},"end":{"line":25,"column":1}},"type":"if","locations":[{"start":{"line":18,"column":0},"end":{"line":25,"column":1}},{"start":{},"end":{}}],"line":18}},"s":{"0":2,"1":2,"2":2,"3":2,"4":2,"5":2},"f":{},"b":{"0":[2,2],"1":[2,0]},"_coverageSchema":"1a1c01bbd47fc00a2c39e90264f33305004495a9","hash":"74e4e87f74f3fe5dc28085de5d761c044f30ae0e"}
,"C:\\Users\\rahul\\college stuffs\\project 3\\hospital-admin-system\\backend\\src\\controllers\\appointmentController.js": {"path":"C:\\Users\\rahul\\college stuffs\\project 3\\hospital-admin-system\\backend\\src\\controllers\\appointmentController.js","statementMap":{"0":{"start":{"line":1,"column":20},"end":{"line":1,"column":52}},"1":{"start":{"line":2,"column":16},"end":{"line":2,"column":44}},"2":{"start":{"line":3,"column":13},"end":{"line":3,"column":38}},"3":{"start":{"line":4,"column":21},"end":{"line":4,"column":53}},"4":{"start":{"line":5,"column":17},"end":{"line":5,"column":57}},"5":{"start":{"line":6,"column":15},"end":{"line":6,"column":35}},"6":{"start":{"line":8,"column":0},"end":{"line":55,"column":2}},"7":{"start":{"line":9,"column":2},"end":{"line":54,"column":3}},"8":{"start":{"line":10,"column":88},"end":{"line":10,"column":96}},"9":{"start":{"line":13,"column":30},"end":{"line":16,"column":6}},"10":{"start":{"line":18,"column":4},"end":{"line":18,"column":63}},"11":{"start":{"line":18,"column":18},"end":{"line":18,"column":63}},"12":{"start":{"line":19,"column":4},"end":{"line":19,"column":61}},"13":{"start":{"line":19,"column":17},"end":{"line":19,"column":61}},"14":{"start":{"line":22,"column":35},"end":{"line":29,"column":6}},"15":{"start":{"line":31,"column":4},"end":{"line":33,"column":5}},"16":{"start":{"line":32,"column":6},"end":{"line":32,"column":68}},"17":{"start":{"line":35,"column":24},"end":{"line":43,"column":6}},"18":{"start":{"line":45,"column":4},"end":{"line":45,"column":110}},"19":{"start":{"line":47,"column":4},"end":{"line":51,"column":7}},"20":{"start":{"line":53,"column":4},"end":{"line":53,"column":16}},"21":{"start":{"line":57,"column":0},"end":{"line":96,"column":2}},"22":{"start":{"line":58,"column":2},"end":{"line":95,"column":3}},"23":{"start":{"line":59,"column":76},"end":{"line":59,"column":85}},"24":{"start":{"line":60,"column":19},"end":{"line":60,"column":37}},"25":{"start":{"line":62,"column":18},"end":{"line":62,"column":20}},"26":{"start":{"line":63,"column":4},"end":{"line":67,"column":5}},"27":{"start":{"line":64,"column":6},"end":{"line":64,"column":27}},"28":{"start":{"line":65,"column":6},"end":{"line":65,"column":57}},"29":{"start":{"line":65,"column":16},"end":{"line":65,"column":57}},"30":{"start":{"line":66,"column":6},"end":{"line":66,"column":53}},"31":{"start":{"line":66,"column":14},"end":{"line":66,"column":53}},"32":{"start":{"line":68,"column":4},"end":{"line":68,"column":44}},"33":{"start":{"line":68,"column":18},"end":{"line":68,"column":44}},"34":{"start":{"line":69,"column":4},"end":{"line":69,"column":47}},"35":{"start":{"line":69,"column":19},"end":{"line":69,"column":47}},"36":{"start":{"line":70,"column":4},"end":{"line":70,"column":38}},"37":{"start":{"line":70,"column":16},"end":{"line":70,"column":38}},"38":{"start":{"line":72,"column":28},"end":{"line":81,"column":6}},"39":{"start":{"line":83,"column":4},"end":{"line":92,"column":7}},"40":{"start":{"line":94,"column":4},"end":{"line":94,"column":16}},"41":{"start":{"line":98,"column":0},"end":{"line":116,"column":2}},"42":{"start":{"line":99,"column":2},"end":{"line":115,"column":3}},"43":{"start":{"line":100,"column":19},"end":{"line":100,"column":29}},"44":{"start":{"line":101,"column":24},"end":{"line":106,"column":6}},"45":{"start":{"line":108,"column":4},"end":{"line":110,"column":5}},"46":{"start":{"line":109,"column":6},"end":{"line":109,"column":55}},"47":{"start":{"line":112,"column":4},"end":{"line":112,"column":55}},"48":{"start":{"line":114,"column":4},"end":{"line":114,"column":16}},"49":{"start":{"line":118,"column":0},"end":{"line":158,"column":2}},"50":{"start":{"line":119,"column":2},"end":{"line":157,"column":3}},"51":{"start":{"line":120,"column":19},"end":{"line":120,"column":29}},"52":{"start":{"line":121,"column":23},"end":{"line":121,"column":31}},"53":{"start":{"line":123,"column":24},"end":{"line":123,"column":54}},"54":{"start":{"line":124,"column":4},"end":{"line":126,"column":5}},"55":{"start":{"line":125,"column":6},"end":{"line":125,"column":55}},"56":{"start":{"line":129,"column":4},"end":{"line":143,"column":5}},"57":{"start":{"line":130,"column":37},"end":{"line":138,"column":8}},"58":{"start":{"line":140,"column":6},"end":{"line":142,"column":7}},"59":{"start":{"line":141,"column":8},"end":{"line":141,"column":70}},"60":{"start":{"line":145,"column":25},"end":{"line":145,"column":45}},"61":{"start":{"line":146,"column":4},"end":{"line":146,"column":41}},"62":{"start":{"line":148,"column":4},"end":{"line":148,"column":106}},"63":{"start":{"line":150,"column":4},"end":{"line":154,"column":7}},"64":{"start":{"line":156,"column":4},"end":{"line":156,"column":16}},"65":{"start":{"line":160,"column":0},"end":{"line":183,"column":2}},"66":{"start":{"line":161,"column":2},"end":{"line":182,"column":3}},"67":{"start":{"line":162,"column":19},"end":{"line":162,"column":29}},"68":{"start":{"line":164,"column":24},"end":{"line":164,"column":54}},"69":{"start":{"line":165,"column":4},"end":{"line":167,"column":5}},"70":{"start":{"line":166,"column":6},"end":{"line":166,"column":55}},"71":{"start":{"line":169,"column":25},"end":{"line":169,"column":45}},"72":{"start":{"line":170,"column":4},"end":{"line":170,"column":37}},"73":{"start":{"line":171,"column":4},"end":{"line":171,"column":29}},"74":{"start":{"line":173,"column":4},"end":{"line":173,"column":106}},"75":{"start":{"line":175,"column":4},"end":{"line":179,"column":7}},"76":{"start":{"line":181,"column":4},"end":{"line":181,"column":16}}},"fnMap":{"0":{"name":"(anonymous_0)","decl":{"start":{"line":8,"column":28},"end":{"line":8,"column":29}},"loc":{"start":{"line":8,"column":54},"end":{"line":55,"column":1}},"line":8},"1":{"name":"(anonymous_1)","decl":{"start":{"line":57,"column":26},"end":{"line":57,"column":27}},"loc":{"start":{"line":57,"column":52},"end":{"line":96,"column":1}},"line":57},"2":{"name":"(anonymous_2)","decl":{"start":{"line":98,"column":29},"end":{"line":98,"column":30}},"loc":{"start":{"line":98,"column":55},"end":{"line":116,"column":1}},"line":98},"3":{"name":"(anonymous_3)","decl":{"start":{"line":118,"column":28},"end":{"line":118,"column":29}},"loc":{"start":{"line":118,"column":54},"end":{"line":158,"column":1}},"line":118},"4":{"name":"(anonymous_4)","decl":{"start":{"line":160,"column":28},"end":{"line":160,"column":29}},"loc":{"start":{"line":160,"column":54},"end":{"line":183,"column":1}},"line":160}},"branchMap":{"0":{"loc":{"start":{"line":18,"column":4},"end":{"line":18,"column":63}},"type":"if","locations":[{"start":{"line":18,"column":4},"end":{"line":18,"column":63}},{"start":{},"end":{}}],"line":18},"1":{"loc":{"start":{"line":19,"column":4},"end":{"line":19,"column":61}},"type":"if","locations":[{"start":{"line":19,"column":4},"end":{"line":19,"column":61}},{"start":{},"end":{}}],"line":19},"2":{"loc":{"start":{"line":31,"column":4},"end":{"line":33,"column":5}},"type":"if","locations":[{"start":{"line":31,"column":4},"end":{"line":33,"column":5}},{"start":{},"end":{}}],"line":31},"3":{"loc":{"start":{"line":59,"column":12},"end":{"line":59,"column":20}},"type":"default-arg","locations":[{"start":{"line":59,"column":19},"end":{"line":59,"column":20}}],"line":59},"4":{"loc":{"start":{"line":59,"column":22},"end":{"line":59,"column":32}},"type":"default-arg","locations":[{"start":{"line":59,"column":30},"end":{"line":59,"column":32}}],"line":59},"5":{"loc":{"start":{"line":63,"column":4},"end":{"line":67,"column":5}},"type":"if","locations":[{"start":{"line":63,"column":4},"end":{"line":67,"column":5}},{"start":{},"end":{}}],"line":63},"6":{"loc":{"start":{"line":63,"column":8},"end":{"line":63,"column":18}},"type":"binary-expr","locations":[{"start":{"line":63,"column":8},"end":{"line":63,"column":12}},{"start":{"line":63,"column":16},"end":{"line":63,"column":18}}],"line":63},"7":{"loc":{"start":{"line":65,"column":6},"end":{"line":65,"column":57}},"type":"if","locations":[{"start":{"line":65,"column":6},"end":{"line":65,"column":57}},{"start":{},"end":{}}],"line":65},"8":{"loc":{"start":{"line":66,"column":6},"end":{"line":66,"column":53}},"type":"if","locations":[{"start":{"line":66,"column":6},"end":{"line":66,"column":53}},{"start":{},"end":{}}],"line":66},"9":{"loc":{"start":{"line":68,"column":4},"end":{"line":68,"column":44}},"type":"if","locations":[{"start":{"line":68,"column":4},"end":{"line":68,"column":44}},{"start":{},"end":{}}],"line":68},"10":{"loc":{"start":{"line":69,"column":4},"end":{"line":69,"column":47}},"type":"if","locations":[{"start":{"line":69,"column":4},"end":{"line":69,"column":47}},{"start":{},"end":{}}],"line":69},"11":{"loc":{"start":{"line":70,"column":4},"end":{"line":70,"column":38}},"type":"if","locations":[{"start":{"line":70,"column":4},"end":{"line":70,"column":38}},{"start":{},"end":{}}],"line":70},"12":{"loc":{"start":{"line":108,"column":4},"end":{"line":110,"column":5}},"type":"if","locations":[{"start":{"line":108,"column":4},"end":{"line":110,"column":5}},{"start":{},"end":{}}],"line":108},"13":{"loc":{"start":{"line":124,"column":4},"end":{"line":126,"column":5}},"type":"if","locations":[{"start":{"line":124,"column":4},"end":{"line":126,"column":5}},{"start":{},"end":{}}],"line":124},"14":{"loc":{"start":{"line":129,"column":4},"end":{"line":143,"column":5}},"type":"if","locations":[{"start":{"line":129,"column":4},"end":{"line":143,"column":5}},{"start":{},"end":{}}],"line":129},"15":{"loc":{"start":{"line":129,"column":8},"end":{"line":129,"column":50}},"type":"binary-expr","locations":[{"start":{"line":129,"column":8},"end":{"line":129,"column":28}},{"start":{"line":129,"column":32},"end":{"line":129,"column":50}}],"line":129},"16":{"loc":{"start":{"line":134,"column":41},"end":{"line":134,"column":82}},"type":"binary-expr","locations":[{"start":{"line":134,"column":41},"end":{"line":134,"column":59}},{"start":{"line":134,"column":63},"end":{"line":134,"column":82}}],"line":134},"17":{"loc":{"start":{"line":135,"column":39},"end":{"line":135,"column":84}},"type":"binary-expr","locations":[{"start":{"line":135,"column":39},"end":{"line":135,"column":59}},{"start":{"line":135,"column":63},"end":{"line":135,"column":84}}],"line":135},"18":{"loc":{"start":{"line":140,"column":6},"end":{"line":142,"column":7}},"type":"if","locations":[{"start":{"line":140,"column":6},"end":{"line":142,"column":7}},{"start":{},"end":{}}],"line":140},"19":{"loc":{"start":{"line":165,"column":4},"end":{"line":167,"column":5}},"type":"if","locations":[{"start":{"line":165,"column":4},"end":{"line":167,"column":5}},{"start":{},"end":{}}],"line":165}},"s":{"0":2,"1":2,"2":2,"3":2,"4":2,"5":2,"6":2,"7":0,"8":0,"9":0,"10":0,"11":0,"12":0,"13":0,"14":0,"15":0,"16":0,"17":0,"18":0,"19":0,"20":0,"21":2,"22":0,"23":0,"24":0,"25":0,"26":0,"27":0,"28":0,"29":0,"30":0,"31":0,"32":0,"33":0,"34":0,"35":0,"36":0,"37":0,"38":0,"39":0,"40":0,"41":2,"42":0,"43":0,"44":0,"45":0,"46":0,"47":0,"48":0,"49":2,"50":0,"51":0,"52":0,"53":0,"54":0,"55":0,"56":0,"57":0,"58":0,"59":0,"60":0,"61":0,"62":0,"63":0,"64":0,"65":2,"66":0,"67":0,"68":0,"69":0,"70":0,"71":0,"72":0,"73":0,"74":0,"75":0,"76":0},"f":{"0":0,"1":0,"2":0,"3":0,"4":0},"b":{"0":[0,0],"1":[0,0],"2":[0,0],"3":[0],"4":[0],"5":[0,0],"6":[0,0],"7":[0,0],"8":[0,0],"9":[0,0],"10":[0,0],"11":[0,0],"12":[0,0],"13":[0,0],"14":[0,0],"15":[0,0],"16":[0,0],"17":[0,0],"18":[0,0],"19":[0,0]},"_coverageSchema":"1a1c01bbd47fc00a2c39e90264f33305004495a9","hash":"2143d5ba6bd3d28c4131110bde3d479d2320a2e0"}
,"C:\\Users\\rahul\\college stuffs\\project 3\\hospital-admin-system\\backend\\src\\controllers\\authController.js": {"path":"C:\\Users\\rahul\\college stuffs\\project 3\\hospital-admin-system\\backend\\src\\controllers\\authController.js","statementMap":{"0":{"start":{"line":1,"column":13},"end":{"line":1,"column":38}},"1":{"start":{"line":2,"column":60},"end":{"line":2,"column":93}},"2":{"start":{"line":3,"column":95},"end":{"line":3,"column":123}},"3":{"start":{"line":4,"column":21},"end":{"line":4,"column":53}},"4":{"start":{"line":5,"column":17},"end":{"line":5,"column":57}},"5":{"start":{"line":7,"column":0},"end":{"line":53,"column":2}},"6":{"start":{"line":8,"column":2},"end":{"line":52,"column":3}},"7":{"start":{"line":9,"column":73},"end":{"line":9,"column":81}},"8":{"start":{"line":11,"column":4},"end":{"line":13,"column":5}},"9":{"start":{"line":12,"column":6},"end":{"line":12,"column":57}},"10":{"start":{"line":15,"column":4},"end":{"line":17,"column":5}},"11":{"start":{"line":16,"column":6},"end":{"line":16,"column":129}},"12":{"start":{"line":19,"column":25},"end":{"line":19,"column":65}},"13":{"start":{"line":20,"column":4},"end":{"line":22,"column":5}},"14":{"start":{"line":21,"column":6},"end":{"line":21,"column":58}},"15":{"start":{"line":24,"column":25},"end":{"line":24,"column":53}},"16":{"start":{"line":25,"column":17},"end":{"line":31,"column":6}},"17":{"start":{"line":33,"column":4},"end":{"line":33,"column":89}},"18":{"start":{"line":35,"column":24},"end":{"line":35,"column":63}},"19":{"start":{"line":36,"column":25},"end":{"line":36,"column":54}},"20":{"start":{"line":38,"column":4},"end":{"line":49,"column":7}},"21":{"start":{"line":51,"column":4},"end":{"line":51,"column":16}},"22":{"start":{"line":55,"column":0},"end":{"line":100,"column":2}},"23":{"start":{"line":56,"column":2},"end":{"line":99,"column":3}},"24":{"start":{"line":57,"column":32},"end":{"line":57,"column":40}},"25":{"start":{"line":59,"column":4},"end":{"line":61,"column":5}},"26":{"start":{"line":60,"column":6},"end":{"line":60,"column":61}},"27":{"start":{"line":63,"column":17},"end":{"line":63,"column":57}},"28":{"start":{"line":64,"column":4},"end":{"line":66,"column":5}},"29":{"start":{"line":65,"column":6},"end":{"line":65,"column":53}},"30":{"start":{"line":68,"column":28},"end":{"line":68,"column":78}},"31":{"start":{"line":69,"column":4},"end":{"line":71,"column":5}},"32":{"start":{"line":70,"column":6},"end":{"line":70,"column":53}},"33":{"start":{"line":73,"column":4},"end":{"line":75,"column":5}},"34":{"start":{"line":74,"column":6},"end":{"line":74,"column":55}},"35":{"start":{"line":77,"column":4},"end":{"line":77,"column":32}},"36":{"start":{"line":78,"column":4},"end":{"line":78,"column":22}},"37":{"start":{"line":80,"column":4},"end":{"line":80,"column":71}},"38":{"start":{"line":82,"column":24},"end":{"line":82,"column":63}},"39":{"start":{"line":83,"column":25},"end":{"line":83,"column":54}},"40":{"start":{"line":85,"column":4},"end":{"line":96,"column":7}},"41":{"start":{"line":98,"column":4},"end":{"line":98,"column":16}},"42":{"start":{"line":102,"column":0},"end":{"line":129,"column":2}},"43":{"start":{"line":103,"column":2},"end":{"line":128,"column":3}},"44":{"start":{"line":104,"column":29},"end":{"line":104,"column":37}},"45":{"start":{"line":106,"column":4},"end":{"line":108,"column":5}},"46":{"start":{"line":107,"column":6},"end":{"line":107,"column":56}},"47":{"start":{"line":110,"column":20},"end":{"line":110,"column":45}},"48":{"start":{"line":111,"column":4},"end":{"line":113,"column":5}},"49":{"start":{"line":112,"column":6},"end":{"line":112,"column":55}},"50":{"start":{"line":115,"column":17},"end":{"line":115,"column":52}},"51":{"start":{"line":116,"column":4},"end":{"line":118,"column":5}},"52":{"start":{"line":117,"column":6},"end":{"line":117,"column":48}},"53":{"start":{"line":120,"column":27},"end":{"line":120,"column":66}},"54":{"start":{"line":122,"column":4},"end":{"line":125,"column":7}},"55":{"start":{"line":127,"column":4},"end":{"line":127,"column":16}},"56":{"start":{"line":131,"column":0},"end":{"line":138,"column":2}},"57":{"start":{"line":132,"column":2},"end":{"line":137,"column":3}},"58":{"start":{"line":133,"column":4},"end":{"line":133,"column":88}},"59":{"start":{"line":134,"column":4},"end":{"line":134,"column":72}},"60":{"start":{"line":136,"column":4},"end":{"line":136,"column":16}},"61":{"start":{"line":140,"column":0},"end":{"line":168,"column":2}},"62":{"start":{"line":141,"column":2},"end":{"line":167,"column":3}},"63":{"start":{"line":142,"column":45},"end":{"line":142,"column":53}},"64":{"start":{"line":143,"column":19},"end":{"line":143,"column":34}},"65":{"start":{"line":145,"column":17},"end":{"line":145,"column":44}},"66":{"start":{"line":146,"column":4},"end":{"line":148,"column":5}},"67":{"start":{"line":147,"column":6},"end":{"line":147,"column":48}},"68":{"start":{"line":150,"column":35},"end":{"line":150,"column":92}},"69":{"start":{"line":151,"column":4},"end":{"line":153,"column":5}},"70":{"start":{"line":152,"column":6},"end":{"line":152,"column":63}},"71":{"start":{"line":155,"column":4},"end":{"line":157,"column":5}},"72":{"start":{"line":156,"column":6},"end":{"line":156,"column":129}},"73":{"start":{"line":159,"column":4},"end":{"line":159,"column":56}},"74":{"start":{"line":160,"column":4},"end":{"line":160,"column":22}},"75":{"start":{"line":162,"column":4},"end":{"line":162,"column":104}},"76":{"start":{"line":164,"column":4},"end":{"line":164,"column":78}},"77":{"start":{"line":166,"column":4},"end":{"line":166,"column":16}},"78":{"start":{"line":170,"column":0},"end":{"line":187,"column":2}},"79":{"start":{"line":171,"column":2},"end":{"line":186,"column":3}},"80":{"start":{"line":172,"column":22},"end":{"line":172,"column":30}},"81":{"start":{"line":174,"column":17},"end":{"line":174,"column":57}},"82":{"start":{"line":175,"column":4},"end":{"line":178,"column":5}},"83":{"start":{"line":177,"column":6},"end":{"line":177,"column":107}},"84":{"start":{"line":180,"column":23},"end":{"line":180,"column":58}},"85":{"start":{"line":183,"column":4},"end":{"line":183,"column":82}},"86":{"start":{"line":185,"column":4},"end":{"line":185,"column":16}},"87":{"start":{"line":189,"column":0},"end":{"line":216,"column":2}},"88":{"start":{"line":190,"column":2},"end":{"line":215,"column":3}},"89":{"start":{"line":191,"column":35},"end":{"line":191,"column":43}},"90":{"start":{"line":193,"column":20},"end":{"line":193,"column":38}},"91":{"start":{"line":194,"column":4},"end":{"line":196,"column":5}},"92":{"start":{"line":195,"column":6},"end":{"line":195,"column":64}},"93":{"start":{"line":198,"column":17},"end":{"line":198,"column":52}},"94":{"start":{"line":199,"column":4},"end":{"line":201,"column":5}},"95":{"start":{"line":200,"column":6},"end":{"line":200,"column":48}},"96":{"start":{"line":203,"column":4},"end":{"line":205,"column":5}},"97":{"start":{"line":204,"column":6},"end":{"line":204,"column":129}},"98":{"start":{"line":207,"column":4},"end":{"line":207,"column":56}},"99":{"start":{"line":208,"column":4},"end":{"line":208,"column":22}},"100":{"start":{"line":210,"column":4},"end":{"line":210,"column":106}},"101":{"start":{"line":212,"column":4},"end":{"line":212,"column":76}},"102":{"start":{"line":214,"column":4},"end":{"line":214,"column":16}}},"fnMap":{"0":{"name":"(anonymous_0)","decl":{"start":{"line":7,"column":19},"end":{"line":7,"column":20}},"loc":{"start":{"line":7,"column":45},"end":{"line":53,"column":1}},"line":7},"1":{"name":"(anonymous_1)","decl":{"start":{"line":55,"column":16},"end":{"line":55,"column":17}},"loc":{"start":{"line":55,"column":42},"end":{"line":100,"column":1}},"line":55},"2":{"name":"(anonymous_2)","decl":{"start":{"line":102,"column":23},"end":{"line":102,"column":24}},"loc":{"start":{"line":102,"column":49},"end":{"line":129,"column":1}},"line":102},"3":{"name":"(anonymous_3)","decl":{"start":{"line":131,"column":17},"end":{"line":131,"column":18}},"loc":{"start":{"line":131,"column":43},"end":{"line":138,"column":1}},"line":131},"4":{"name":"(anonymous_4)","decl":{"start":{"line":140,"column":25},"end":{"line":140,"column":26}},"loc":{"start":{"line":140,"column":51},"end":{"line":168,"column":1}},"line":140},"5":{"name":"(anonymous_5)","decl":{"start":{"line":170,"column":31},"end":{"line":170,"column":32}},"loc":{"start":{"line":170,"column":57},"end":{"line":187,"column":1}},"line":170},"6":{"name":"(anonymous_6)","decl":{"start":{"line":189,"column":24},"end":{"line":189,"column":25}},"loc":{"start":{"line":189,"column":50},"end":{"line":216,"column":1}},"line":189}},"branchMap":{"0":{"loc":{"start":{"line":9,"column":35},"end":{"line":9,"column":56}},"type":"default-arg","locations":[{"start":{"line":9,"column":42},"end":{"line":9,"column":56}}],"line":9},"1":{"loc":{"start":{"line":11,"column":4},"end":{"line":13,"column":5}},"type":"if","locations":[{"start":{"line":11,"column":4},"end":{"line":13,"column":5}},{"start":{},"end":{}}],"line":11},"2":{"loc":{"start":{"line":11,"column":8},"end":{"line":11,"column":36}},"type":"binary-expr","locations":[{"start":{"line":11,"column":8},"end":{"line":11,"column":13}},{"start":{"line":11,"column":17},"end":{"line":11,"column":23}},{"start":{"line":11,"column":27},"end":{"line":11,"column":36}}],"line":11},"3":{"loc":{"start":{"line":15,"column":4},"end":{"line":17,"column":5}},"type":"if","locations":[{"start":{"line":15,"column":4},"end":{"line":17,"column":5}},{"start":{},"end":{}}],"line":15},"4":{"loc":{"start":{"line":20,"column":4},"end":{"line":22,"column":5}},"type":"if","locations":[{"start":{"line":20,"column":4},"end":{"line":22,"column":5}},{"start":{},"end":{}}],"line":20},"5":{"loc":{"start":{"line":59,"column":4},"end":{"line":61,"column":5}},"type":"if","locations":[{"start":{"line":59,"column":4},"end":{"line":61,"column":5}},{"start":{},"end":{}}],"line":59},"6":{"loc":{"start":{"line":59,"column":8},"end":{"line":59,"column":27}},"type":"binary-expr","locations":[{"start":{"line":59,"column":8},"end":{"line":59,"column":14}},{"start":{"line":59,"column":18},"end":{"line":59,"column":27}}],"line":59},"7":{"loc":{"start":{"line":64,"column":4},"end":{"line":66,"column":5}},"type":"if","locations":[{"start":{"line":64,"column":4},"end":{"line":66,"column":5}},{"start":{},"end":{}}],"line":64},"8":{"loc":{"start":{"line":69,"column":4},"end":{"line":71,"column":5}},"type":"if","locations":[{"start":{"line":69,"column":4},"end":{"line":71,"column":5}},{"start":{},"end":{}}],"line":69},"9":{"loc":{"start":{"line":73,"column":4},"end":{"line":75,"column":5}},"type":"if","locations":[{"start":{"line":73,"column":4},"end":{"line":75,"column":5}},{"start":{},"end":{}}],"line":73},"10":{"loc":{"start":{"line":106,"column":4},"end":{"line":108,"column":5}},"type":"if","locations":[{"start":{"line":106,"column":4},"end":{"line":108,"column":5}},{"start":{},"end":{}}],"line":106},"11":{"loc":{"start":{"line":111,"column":4},"end":{"line":113,"column":5}},"type":"if","locations":[{"start":{"line":111,"column":4},"end":{"line":113,"column":5}},{"start":{},"end":{}}],"line":111},"12":{"loc":{"start":{"line":116,"column":4},"end":{"line":118,"column":5}},"type":"if","locations":[{"start":{"line":116,"column":4},"end":{"line":118,"column":5}},{"start":{},"end":{}}],"line":116},"13":{"loc":{"start":{"line":146,"column":4},"end":{"line":148,"column":5}},"type":"if","locations":[{"start":{"line":146,"column":4},"end":{"line":148,"column":5}},{"start":{},"end":{}}],"line":146},"14":{"loc":{"start":{"line":151,"column":4},"end":{"line":153,"column":5}},"type":"if","locations":[{"start":{"line":151,"column":4},"end":{"line":153,"column":5}},{"start":{},"end":{}}],"line":151},"15":{"loc":{"start":{"line":155,"column":4},"end":{"line":157,"column":5}},"type":"if","locations":[{"start":{"line":155,"column":4},"end":{"line":157,"column":5}},{"start":{},"end":{}}],"line":155},"16":{"loc":{"start":{"line":175,"column":4},"end":{"line":178,"column":5}},"type":"if","locations":[{"start":{"line":175,"column":4},"end":{"line":178,"column":5}},{"start":{},"end":{}}],"line":175},"17":{"loc":{"start":{"line":194,"column":4},"end":{"line":196,"column":5}},"type":"if","locations":[{"start":{"line":194,"column":4},"end":{"line":196,"column":5}},{"start":{},"end":{}}],"line":194},"18":{"loc":{"start":{"line":194,"column":8},"end":{"line":194,"column":53}},"type":"binary-expr","locations":[{"start":{"line":194,"column":8},"end":{"line":194,"column":16}},{"start":{"line":194,"column":20},"end":{"line":194,"column":53}}],"line":194},"19":{"loc":{"start":{"line":199,"column":4},"end":{"line":201,"column":5}},"type":"if","locations":[{"start":{"line":199,"column":4},"end":{"line":201,"column":5}},{"start":{},"end":{}}],"line":199},"20":{"loc":{"start":{"line":203,"column":4},"end":{"line":205,"column":5}},"type":"if","locations":[{"start":{"line":203,"column":4},"end":{"line":205,"column":5}},{"start":{},"end":{}}],"line":203}},"s":{"0":2,"1":2,"2":2,"3":2,"4":2,"5":2,"6":2,"7":2,"8":2,"9":0,"10":2,"11":1,"12":1,"13":1,"14":0,"15":1,"16":1,"17":1,"18":1,"19":1,"20":1,"21":1,"22":2,"23":1,"24":1,"25":1,"26":0,"27":1,"28":1,"29":0,"30":1,"31":1,"32":0,"33":1,"34":0,"35":1,"36":1,"37":1,"38":1,"39":1,"40":1,"41":0,"42":2,"43":0,"44":0,"45":0,"46":0,"47":0,"48":0,"49":0,"50":0,"51":0,"52":0,"53":0,"54":0,"55":0,"56":2,"57":0,"58":0,"59":0,"60":0,"61":2,"62":0,"63":0,"64":0,"65":0,"66":0,"67":0,"68":0,"69":0,"70":0,"71":0,"72":0,"73":0,"74":0,"75":0,"76":0,"77":0,"78":2,"79":0,"80":0,"81":0,"82":0,"83":0,"84":0,"85":0,"86":0,"87":2,"88":0,"89":0,"90":0,"91":0,"92":0,"93":0,"94":0,"95":0,"96":0,"97":0,"98":0,"99":0,"100":0,"101":0,"102":0},"f":{"0":2,"1":1,"2":0,"3":0,"4":0,"5":0,"6":0},"b":{"0":[2],"1":[0,2],"2":[2,2,2],"3":[1,1],"4":[0,1],"5":[0,1],"6":[1,1],"7":[0,1],"8":[0,1],"9":[0,1],"10":[0,0],"11":[0,0],"12":[0,0],"13":[0,0],"14":[0,0],"15":[0,0],"16":[0,0],"17":[0,0],"18":[0,0],"19":[0,0],"20":[0,0]},"_coverageSchema":"1a1c01bbd47fc00a2c39e90264f33305004495a9","hash":"7239cd24f2b0cc418475fbc3417a2686c82f3b0a"}
,"C:\\Users\\rahul\\college stuffs\\project 3\\hospital-admin-system\\backend\\src\\controllers\\inventoryController.js": {"path":"C:\\Users\\rahul\\college stuffs\\project 3\\hospital-admin-system\\backend\\src\\controllers\\inventoryController.js","statementMap":{"0":{"start":{"line":1,"column":22},"end":{"line":1,"column":56}},"1":{"start":{"line":2,"column":21},"end":{"line":2,"column":53}},"2":{"start":{"line":3,"column":17},"end":{"line":3,"column":57}},"3":{"start":{"line":4,"column":15},"end":{"line":4,"column":35}},"4":{"start":{"line":6,"column":0},"end":{"line":21,"column":2}},"5":{"start":{"line":7,"column":2},"end":{"line":20,"column":3}},"6":{"start":{"line":8,"column":21},"end":{"line":8,"column":29}},"7":{"start":{"line":9,"column":17},"end":{"line":9,"column":53}},"8":{"start":{"line":11,"column":4},"end":{"line":11,"column":98}},"9":{"start":{"line":13,"column":4},"end":{"line":17,"column":7}},"10":{"start":{"line":19,"column":4},"end":{"line":19,"column":16}},"11":{"start":{"line":23,"column":0},"end":{"line":60,"column":2}},"12":{"start":{"line":24,"column":2},"end":{"line":59,"column":3}},"13":{"start":{"line":25,"column":65},"end":{"line":25,"column":74}},"14":{"start":{"line":26,"column":19},"end":{"line":26,"column":37}},"15":{"start":{"line":28,"column":18},"end":{"line":28,"column":20}},"16":{"start":{"line":29,"column":4},"end":{"line":34,"column":5}},"17":{"start":{"line":30,"column":6},"end":{"line":33,"column":8}},"18":{"start":{"line":35,"column":4},"end":{"line":35,"column":44}},"19":{"start":{"line":35,"column":18},"end":{"line":35,"column":44}},"20":{"start":{"line":36,"column":4},"end":{"line":38,"column":5}},"21":{"start":{"line":37,"column":6},"end":{"line":37,"column":72}},"22":{"start":{"line":40,"column":28},"end":{"line":45,"column":6}},"23":{"start":{"line":47,"column":4},"end":{"line":56,"column":7}},"24":{"start":{"line":58,"column":4},"end":{"line":58,"column":16}},"25":{"start":{"line":62,"column":0},"end":{"line":75,"column":2}},"26":{"start":{"line":63,"column":2},"end":{"line":74,"column":3}},"27":{"start":{"line":64,"column":19},"end":{"line":64,"column":29}},"28":{"start":{"line":65,"column":17},"end":{"line":65,"column":49}},"29":{"start":{"line":67,"column":4},"end":{"line":69,"column":5}},"30":{"start":{"line":68,"column":6},"end":{"line":68,"column":58}},"31":{"start":{"line":71,"column":4},"end":{"line":71,"column":48}},"32":{"start":{"line":73,"column":4},"end":{"line":73,"column":16}},"33":{"start":{"line":77,"column":0},"end":{"line":100,"column":2}},"34":{"start":{"line":78,"column":2},"end":{"line":99,"column":3}},"35":{"start":{"line":79,"column":19},"end":{"line":79,"column":29}},"36":{"start":{"line":80,"column":23},"end":{"line":80,"column":31}},"37":{"start":{"line":82,"column":17},"end":{"line":82,"column":49}},"38":{"start":{"line":83,"column":4},"end":{"line":85,"column":5}},"39":{"start":{"line":84,"column":6},"end":{"line":84,"column":58}},"40":{"start":{"line":87,"column":25},"end":{"line":87,"column":38}},"41":{"start":{"line":88,"column":4},"end":{"line":88,"column":34}},"42":{"start":{"line":90,"column":4},"end":{"line":90,"column":101}},"43":{"start":{"line":92,"column":4},"end":{"line":96,"column":7}},"44":{"start":{"line":98,"column":4},"end":{"line":98,"column":16}},"45":{"start":{"line":102,"column":0},"end":{"line":126,"column":2}},"46":{"start":{"line":103,"column":2},"end":{"line":125,"column":3}},"47":{"start":{"line":104,"column":19},"end":{"line":104,"column":29}},"48":{"start":{"line":105,"column":39},"end":{"line":105,"column":47}},"49":{"start":{"line":107,"column":17},"end":{"line":107,"column":49}},"50":{"start":{"line":108,"column":4},"end":{"line":110,"column":5}},"51":{"start":{"line":109,"column":6},"end":{"line":109,"column":58}},"52":{"start":{"line":112,"column":25},"end":{"line":112,"column":38}},"53":{"start":{"line":113,"column":4},"end":{"line":113,"column":36}},"54":{"start":{"line":114,"column":4},"end":{"line":114,"column":22}},"55":{"start":{"line":116,"column":4},"end":{"line":116,"column":101}},"56":{"start":{"line":118,"column":4},"end":{"line":122,"column":7}},"57":{"start":{"line":124,"column":4},"end":{"line":124,"column":16}},"58":{"start":{"line":128,"column":0},"end":{"line":145,"column":2}},"59":{"start":{"line":129,"column":2},"end":{"line":144,"column":3}},"60":{"start":{"line":130,"column":18},"end":{"line":136,"column":6}},"61":{"start":{"line":138,"column":4},"end":{"line":141,"column":7}},"62":{"start":{"line":143,"column":4},"end":{"line":143,"column":16}}},"fnMap":{"0":{"name":"(anonymous_0)","decl":{"start":{"line":6,"column":30},"end":{"line":6,"column":31}},"loc":{"start":{"line":6,"column":56},"end":{"line":21,"column":1}},"line":6},"1":{"name":"(anonymous_1)","decl":{"start":{"line":23,"column":28},"end":{"line":23,"column":29}},"loc":{"start":{"line":23,"column":54},"end":{"line":60,"column":1}},"line":23},"2":{"name":"(anonymous_2)","decl":{"start":{"line":62,"column":31},"end":{"line":62,"column":32}},"loc":{"start":{"line":62,"column":57},"end":{"line":75,"column":1}},"line":62},"3":{"name":"(anonymous_3)","decl":{"start":{"line":77,"column":30},"end":{"line":77,"column":31}},"loc":{"start":{"line":77,"column":56},"end":{"line":100,"column":1}},"line":77},"4":{"name":"(anonymous_4)","decl":{"start":{"line":102,"column":26},"end":{"line":102,"column":27}},"loc":{"start":{"line":102,"column":52},"end":{"line":126,"column":1}},"line":102},"5":{"name":"(anonymous_5)","decl":{"start":{"line":128,"column":27},"end":{"line":128,"column":28}},"loc":{"start":{"line":128,"column":53},"end":{"line":145,"column":1}},"line":128}},"branchMap":{"0":{"loc":{"start":{"line":25,"column":12},"end":{"line":25,"column":20}},"type":"default-arg","locations":[{"start":{"line":25,"column":19},"end":{"line":25,"column":20}}],"line":25},"1":{"loc":{"start":{"line":25,"column":22},"end":{"line":25,"column":32}},"type":"default-arg","locations":[{"start":{"line":25,"column":30},"end":{"line":25,"column":32}}],"line":25},"2":{"loc":{"start":{"line":29,"column":4},"end":{"line":34,"column":5}},"type":"if","locations":[{"start":{"line":29,"column":4},"end":{"line":34,"column":5}},{"start":{},"end":{}}],"line":29},"3":{"loc":{"start":{"line":35,"column":4},"end":{"line":35,"column":44}},"type":"if","locations":[{"start":{"line":35,"column":4},"end":{"line":35,"column":44}},{"start":{},"end":{}}],"line":35},"4":{"loc":{"start":{"line":36,"column":4},"end":{"line":38,"column":5}},"type":"if","locations":[{"start":{"line":36,"column":4},"end":{"line":38,"column":5}},{"start":{},"end":{}}],"line":36},"5":{"loc":{"start":{"line":67,"column":4},"end":{"line":69,"column":5}},"type":"if","locations":[{"start":{"line":67,"column":4},"end":{"line":69,"column":5}},{"start":{},"end":{}}],"line":67},"6":{"loc":{"start":{"line":83,"column":4},"end":{"line":85,"column":5}},"type":"if","locations":[{"start":{"line":83,"column":4},"end":{"line":85,"column":5}},{"start":{},"end":{}}],"line":83},"7":{"loc":{"start":{"line":108,"column":4},"end":{"line":110,"column":5}},"type":"if","locations":[{"start":{"line":108,"column":4},"end":{"line":110,"column":5}},{"start":{},"end":{}}],"line":108}},"s":{"0":2,"1":2,"2":2,"3":2,"4":2,"5":0,"6":0,"7":0,"8":0,"9":0,"10":0,"11":2,"12":0,"13":0,"14":0,"15":0,"16":0,"17":0,"18":0,"19":0,"20":0,"21":0,"22":0,"23":0,"24":0,"25":2,"26":0,"27":0,"28":0,"29":0,"30":0,"31":0,"32":0,"33":2,"34":0,"35":0,"36":0,"37":0,"38":0,"39":0,"40":0,"41":0,"42":0,"43":0,"44":0,"45":2,"46":0,"47":0,"48":0,"49":0,"50":0,"51":0,"52":0,"53":0,"54":0,"55":0,"56":0,"57":0,"58":2,"59":0,"60":0,"61":0,"62":0},"f":{"0":0,"1":0,"2":0,"3":0,"4":0,"5":0},"b":{"0":[0],"1":[0],"2":[0,0],"3":[0,0],"4":[0,0],"5":[0,0],"6":[0,0],"7":[0,0]},"_coverageSchema":"1a1c01bbd47fc00a2c39e90264f33305004495a9","hash":"f1373a9e9f6c695744ea126a2db35ad007a7ca04"}
,"C:\\Users\\rahul\\college stuffs\\project 3\\hospital-admin-system\\backend\\src\\controllers\\invoiceController.js": {"path":"C:\\Users\\rahul\\college stuffs\\project 3\\hospital-admin-system\\backend\\src\\controllers\\invoiceController.js","statementMap":{"0":{"start":{"line":1,"column":37},"end":{"line":1,"column":65}},"1":{"start":{"line":2,"column":16},"end":{"line":2,"column":44}},"2":{"start":{"line":3,"column":21},"end":{"line":3,"column":53}},"3":{"start":{"line":4,"column":17},"end":{"line":4,"column":57}},"4":{"start":{"line":5,"column":15},"end":{"line":5,"column":35}},"5":{"start":{"line":7,"column":30},"end":{"line":13,"column":1}},"6":{"start":{"line":8,"column":22},"end":{"line":10,"column":4}},"7":{"start":{"line":11,"column":17},"end":{"line":11,"column":91}},"8":{"start":{"line":12,"column":2},"end":{"line":12,"column":25}},"9":{"start":{"line":15,"column":0},"end":{"line":75,"column":2}},"10":{"start":{"line":16,"column":2},"end":{"line":74,"column":3}},"11":{"start":{"line":17,"column":78},"end":{"line":17,"column":86}},"12":{"start":{"line":19,"column":20},"end":{"line":19,"column":53}},"13":{"start":{"line":20,"column":4},"end":{"line":22,"column":5}},"14":{"start":{"line":21,"column":6},"end":{"line":21,"column":51}},"15":{"start":{"line":24,"column":26},"end":{"line":24,"column":55}},"16":{"start":{"line":25,"column":19},"end":{"line":25,"column":20}},"17":{"start":{"line":27,"column":20},"end":{"line":34,"column":6}},"18":{"start":{"line":37,"column":4},"end":{"line":48,"column":5}},"19":{"start":{"line":38,"column":24},"end":{"line":38,"column":54}},"20":{"start":{"line":39,"column":6},"end":{"line":39,"column":28}},"21":{"start":{"line":40,"column":6},"end":{"line":47,"column":9}},"22":{"start":{"line":50,"column":22},"end":{"line":50,"column":51}},"23":{"start":{"line":51,"column":24},"end":{"line":51,"column":61}},"24":{"start":{"line":53,"column":4},"end":{"line":58,"column":7}},"25":{"start":{"line":61,"column":24},"end":{"line":63,"column":6}},"26":{"start":{"line":65,"column":4},"end":{"line":65,"column":102}},"27":{"start":{"line":67,"column":4},"end":{"line":71,"column":7}},"28":{"start":{"line":73,"column":4},"end":{"line":73,"column":16}},"29":{"start":{"line":77,"column":0},"end":{"line":112,"column":2}},"30":{"start":{"line":78,"column":2},"end":{"line":111,"column":3}},"31":{"start":{"line":79,"column":66},"end":{"line":79,"column":75}},"32":{"start":{"line":80,"column":19},"end":{"line":80,"column":37}},"33":{"start":{"line":82,"column":18},"end":{"line":82,"column":20}},"34":{"start":{"line":83,"column":4},"end":{"line":87,"column":5}},"35":{"start":{"line":84,"column":6},"end":{"line":84,"column":27}},"36":{"start":{"line":85,"column":6},"end":{"line":85,"column":57}},"37":{"start":{"line":85,"column":16},"end":{"line":85,"column":57}},"38":{"start":{"line":86,"column":6},"end":{"line":86,"column":53}},"39":{"start":{"line":86,"column":14},"end":{"line":86,"column":53}},"40":{"start":{"line":88,"column":4},"end":{"line":88,"column":38}},"41":{"start":{"line":88,"column":16},"end":{"line":88,"column":38}},"42":{"start":{"line":89,"column":4},"end":{"line":89,"column":47}},"43":{"start":{"line":89,"column":19},"end":{"line":89,"column":47}},"44":{"start":{"line":91,"column":28},"end":{"line":97,"column":6}},"45":{"start":{"line":99,"column":4},"end":{"line":108,"column":7}},"46":{"start":{"line":110,"column":4},"end":{"line":110,"column":16}},"47":{"start":{"line":114,"column":0},"end":{"line":132,"column":2}},"48":{"start":{"line":115,"column":2},"end":{"line":131,"column":3}},"49":{"start":{"line":116,"column":19},"end":{"line":116,"column":29}},"50":{"start":{"line":117,"column":20},"end":{"line":122,"column":6}},"51":{"start":{"line":124,"column":4},"end":{"line":126,"column":5}},"52":{"start":{"line":125,"column":6},"end":{"line":125,"column":51}},"53":{"start":{"line":128,"column":4},"end":{"line":128,"column":51}},"54":{"start":{"line":130,"column":4},"end":{"line":130,"column":16}},"55":{"start":{"line":134,"column":0},"end":{"line":160,"column":2}},"56":{"start":{"line":135,"column":2},"end":{"line":159,"column":3}},"57":{"start":{"line":136,"column":19},"end":{"line":136,"column":29}},"58":{"start":{"line":137,"column":48},"end":{"line":137,"column":56}},"59":{"start":{"line":139,"column":20},"end":{"line":139,"column":46}},"60":{"start":{"line":140,"column":4},"end":{"line":142,"column":5}},"61":{"start":{"line":141,"column":6},"end":{"line":141,"column":51}},"62":{"start":{"line":144,"column":25},"end":{"line":144,"column":41}},"63":{"start":{"line":145,"column":4},"end":{"line":145,"column":28}},"64":{"start":{"line":146,"column":4},"end":{"line":146,"column":61}},"65":{"start":{"line":146,"column":23},"end":{"line":146,"column":61}},"66":{"start":{"line":147,"column":4},"end":{"line":147,"column":46}},"67":{"start":{"line":147,"column":18},"end":{"line":147,"column":46}},"68":{"start":{"line":148,"column":4},"end":{"line":148,"column":25}},"69":{"start":{"line":150,"column":4},"end":{"line":150,"column":98}},"70":{"start":{"line":152,"column":4},"end":{"line":156,"column":7}},"71":{"start":{"line":158,"column":4},"end":{"line":158,"column":16}}},"fnMap":{"0":{"name":"(anonymous_0)","decl":{"start":{"line":7,"column":30},"end":{"line":7,"column":31}},"loc":{"start":{"line":7,"column":42},"end":{"line":13,"column":1}},"line":7},"1":{"name":"(anonymous_1)","decl":{"start":{"line":15,"column":24},"end":{"line":15,"column":25}},"loc":{"start":{"line":15,"column":50},"end":{"line":75,"column":1}},"line":15},"2":{"name":"(anonymous_2)","decl":{"start":{"line":77,"column":22},"end":{"line":77,"column":23}},"loc":{"start":{"line":77,"column":48},"end":{"line":112,"column":1}},"line":77},"3":{"name":"(anonymous_3)","decl":{"start":{"line":114,"column":25},"end":{"line":114,"column":26}},"loc":{"start":{"line":114,"column":51},"end":{"line":132,"column":1}},"line":114},"4":{"name":"(anonymous_4)","decl":{"start":{"line":134,"column":30},"end":{"line":134,"column":31}},"loc":{"start":{"line":134,"column":56},"end":{"line":160,"column":1}},"line":134}},"branchMap":{"0":{"loc":{"start":{"line":11,"column":17},"end":{"line":11,"column":91}},"type":"cond-expr","locations":[{"start":{"line":11,"column":31},"end":{"line":11,"column":84}},{"start":{"line":11,"column":87},"end":{"line":11,"column":91}}],"line":11},"1":{"loc":{"start":{"line":17,"column":23},"end":{"line":17,"column":37}},"type":"default-arg","locations":[{"start":{"line":17,"column":35},"end":{"line":17,"column":37}}],"line":17},"2":{"loc":{"start":{"line":17,"column":39},"end":{"line":17,"column":53}},"type":"default-arg","locations":[{"start":{"line":17,"column":52},"end":{"line":17,"column":53}}],"line":17},"3":{"loc":{"start":{"line":17,"column":55},"end":{"line":17,"column":73}},"type":"default-arg","locations":[{"start":{"line":17,"column":72},"end":{"line":17,"column":73}}],"line":17},"4":{"loc":{"start":{"line":20,"column":4},"end":{"line":22,"column":5}},"type":"if","locations":[{"start":{"line":20,"column":4},"end":{"line":22,"column":5}},{"start":{},"end":{}}],"line":20},"5":{"loc":{"start":{"line":79,"column":12},"end":{"line":79,"column":20}},"type":"default-arg","locations":[{"start":{"line":79,"column":19},"end":{"line":79,"column":20}}],"line":79},"6":{"loc":{"start":{"line":79,"column":22},"end":{"line":79,"column":32}},"type":"default-arg","locations":[{"start":{"line":79,"column":30},"end":{"line":79,"column":32}}],"line":79},"7":{"loc":{"start":{"line":83,"column":4},"end":{"line":87,"column":5}},"type":"if","locations":[{"start":{"line":83,"column":4},"end":{"line":87,"column":5}},{"start":{},"end":{}}],"line":83},"8":{"loc":{"start":{"line":83,"column":8},"end":{"line":83,"column":18}},"type":"binary-expr","locations":[{"start":{"line":83,"column":8},"end":{"line":83,"column":12}},{"start":{"line":83,"column":16},"end":{"line":83,"column":18}}],"line":83},"9":{"loc":{"start":{"line":85,"column":6},"end":{"line":85,"column":57}},"type":"if","locations":[{"start":{"line":85,"column":6},"end":{"line":85,"column":57}},{"start":{},"end":{}}],"line":85},"10":{"loc":{"start":{"line":86,"column":6},"end":{"line":86,"column":53}},"type":"if","locations":[{"start":{"line":86,"column":6},"end":{"line":86,"column":53}},{"start":{},"end":{}}],"line":86},"11":{"loc":{"start":{"line":88,"column":4},"end":{"line":88,"column":38}},"type":"if","locations":[{"start":{"line":88,"column":4},"end":{"line":88,"column":38}},{"start":{},"end":{}}],"line":88},"12":{"loc":{"start":{"line":89,"column":4},"end":{"line":89,"column":47}},"type":"if","locations":[{"start":{"line":89,"column":4},"end":{"line":89,"column":47}},{"start":{},"end":{}}],"line":89},"13":{"loc":{"start":{"line":124,"column":4},"end":{"line":126,"column":5}},"type":"if","locations":[{"start":{"line":124,"column":4},"end":{"line":126,"column":5}},{"start":{},"end":{}}],"line":124},"14":{"loc":{"start":{"line":140,"column":4},"end":{"line":142,"column":5}},"type":"if","locations":[{"start":{"line":140,"column":4},"end":{"line":142,"column":5}},{"start":{},"end":{}}],"line":140},"15":{"loc":{"start":{"line":146,"column":4},"end":{"line":146,"column":61}},"type":"if","locations":[{"start":{"line":146,"column":4},"end":{"line":146,"column":61}},{"start":{},"end":{}}],"line":146},"16":{"loc":{"start":{"line":147,"column":4},"end":{"line":147,"column":46}},"type":"if","locations":[{"start":{"line":147,"column":4},"end":{"line":147,"column":46}},{"start":{},"end":{}}],"line":147}},"s":{"0":2,"1":2,"2":2,"3":2,"4":2,"5":2,"6":0,"7":0,"8":0,"9":2,"10":0,"11":0,"12":0,"13":0,"14":0,"15":0,"16":0,"17":0,"18":0,"19":0,"20":0,"21":0,"22":0,"23":0,"24":0,"25":0,"26":0,"27":0,"28":0,"29":2,"30":0,"31":0,"32":0,"33":0,"34":0,"35":0,"36":0,"37":0,"38":0,"39":0,"40":0,"41":0,"42":0,"43":0,"44":0,"45":0,"46":0,"47":2,"48":0,"49":0,"50":0,"51":0,"52":0,"53":0,"54":0,"55":2,"56":0,"57":0,"58":0,"59":0,"60":0,"61":0,"62":0,"63":0,"64":0,"65":0,"66":0,"67":0,"68":0,"69":0,"70":0,"71":0},"f":{"0":0,"1":0,"2":0,"3":0,"4":0},"b":{"0":[0,0],"1":[0],"2":[0],"3":[0],"4":[0,0],"5":[0],"6":[0],"7":[0,0],"8":[0,0],"9":[0,0],"10":[0,0],"11":[0,0],"12":[0,0],"13":[0,0],"14":[0,0],"15":[0,0],"16":[0,0]},"_coverageSchema":"1a1c01bbd47fc00a2c39e90264f33305004495a9","hash":"d80c4940c736ba2c17e9428311056e4d948145bd"}
,"C:\\Users\\rahul\\college stuffs\\project 3\\hospital-admin-system\\backend\\src\\controllers\\patientController.js": {"path":"C:\\Users\\rahul\\college stuffs\\project 3\\hospital-admin-system\\backend\\src\\controllers\\patientController.js","statementMap":{"0":{"start":{"line":1,"column":15},"end":{"line":1,"column":35}},"1":{"start":{"line":2,"column":16},"end":{"line":2,"column":44}},"2":{"start":{"line":3,"column":21},"end":{"line":3,"column":53}},"3":{"start":{"line":4,"column":17},"end":{"line":4,"column":57}},"4":{"start":{"line":6,"column":0},"end":{"line":20,"column":2}},"5":{"start":{"line":7,"column":2},"end":{"line":19,"column":3}},"6":{"start":{"line":8,"column":24},"end":{"line":8,"column":32}},"7":{"start":{"line":9,"column":20},"end":{"line":9,"column":53}},"8":{"start":{"line":10,"column":4},"end":{"line":10,"column":98}},"9":{"start":{"line":12,"column":4},"end":{"line":16,"column":7}},"10":{"start":{"line":18,"column":4},"end":{"line":18,"column":16}},"11":{"start":{"line":22,"column":0},"end":{"line":56,"column":2}},"12":{"start":{"line":23,"column":2},"end":{"line":55,"column":3}},"13":{"start":{"line":24,"column":45},"end":{"line":24,"column":54}},"14":{"start":{"line":25,"column":19},"end":{"line":25,"column":37}},"15":{"start":{"line":27,"column":18},"end":{"line":27,"column":20}},"16":{"start":{"line":28,"column":4},"end":{"line":34,"column":5}},"17":{"start":{"line":29,"column":6},"end":{"line":33,"column":8}},"18":{"start":{"line":36,"column":28},"end":{"line":41,"column":6}},"19":{"start":{"line":43,"column":4},"end":{"line":52,"column":7}},"20":{"start":{"line":54,"column":4},"end":{"line":54,"column":16}},"21":{"start":{"line":58,"column":0},"end":{"line":73,"column":2}},"22":{"start":{"line":59,"column":2},"end":{"line":72,"column":3}},"23":{"start":{"line":60,"column":19},"end":{"line":60,"column":29}},"24":{"start":{"line":61,"column":20},"end":{"line":61,"column":46}},"25":{"start":{"line":63,"column":4},"end":{"line":65,"column":5}},"26":{"start":{"line":64,"column":6},"end":{"line":64,"column":51}},"27":{"start":{"line":67,"column":4},"end":{"line":67,"column":76}},"28":{"start":{"line":69,"column":4},"end":{"line":69,"column":51}},"29":{"start":{"line":71,"column":4},"end":{"line":71,"column":16}},"30":{"start":{"line":75,"column":0},"end":{"line":98,"column":2}},"31":{"start":{"line":76,"column":2},"end":{"line":97,"column":3}},"32":{"start":{"line":77,"column":19},"end":{"line":77,"column":29}},"33":{"start":{"line":78,"column":23},"end":{"line":78,"column":31}},"34":{"start":{"line":80,"column":20},"end":{"line":80,"column":46}},"35":{"start":{"line":81,"column":4},"end":{"line":83,"column":5}},"36":{"start":{"line":82,"column":6},"end":{"line":82,"column":51}},"37":{"start":{"line":85,"column":25},"end":{"line":85,"column":41}},"38":{"start":{"line":86,"column":4},"end":{"line":86,"column":37}},"39":{"start":{"line":88,"column":4},"end":{"line":88,"column":98}},"40":{"start":{"line":90,"column":4},"end":{"line":94,"column":7}},"41":{"start":{"line":96,"column":4},"end":{"line":96,"column":16}},"42":{"start":{"line":100,"column":0},"end":{"line":118,"column":2}},"43":{"start":{"line":101,"column":2},"end":{"line":117,"column":3}},"44":{"start":{"line":102,"column":19},"end":{"line":102,"column":29}},"45":{"start":{"line":104,"column":20},"end":{"line":104,"column":46}},"46":{"start":{"line":105,"column":4},"end":{"line":107,"column":5}},"47":{"start":{"line":106,"column":6},"end":{"line":106,"column":51}},"48":{"start":{"line":109,"column":24},"end":{"line":109,"column":40}},"49":{"start":{"line":110,"column":4},"end":{"line":110,"column":28}},"50":{"start":{"line":112,"column":4},"end":{"line":112,"column":85}},"51":{"start":{"line":114,"column":4},"end":{"line":114,"column":77}},"52":{"start":{"line":116,"column":4},"end":{"line":116,"column":16}}},"fnMap":{"0":{"name":"(anonymous_0)","decl":{"start":{"line":6,"column":24},"end":{"line":6,"column":25}},"loc":{"start":{"line":6,"column":50},"end":{"line":20,"column":1}},"line":6},"1":{"name":"(anonymous_1)","decl":{"start":{"line":22,"column":22},"end":{"line":22,"column":23}},"loc":{"start":{"line":22,"column":48},"end":{"line":56,"column":1}},"line":22},"2":{"name":"(anonymous_2)","decl":{"start":{"line":58,"column":25},"end":{"line":58,"column":26}},"loc":{"start":{"line":58,"column":51},"end":{"line":73,"column":1}},"line":58},"3":{"name":"(anonymous_3)","decl":{"start":{"line":75,"column":24},"end":{"line":75,"column":25}},"loc":{"start":{"line":75,"column":50},"end":{"line":98,"column":1}},"line":75},"4":{"name":"(anonymous_4)","decl":{"start":{"line":100,"column":24},"end":{"line":100,"column":25}},"loc":{"start":{"line":100,"column":50},"end":{"line":118,"column":1}},"line":100}},"branchMap":{"0":{"loc":{"start":{"line":24,"column":12},"end":{"line":24,"column":20}},"type":"default-arg","locations":[{"start":{"line":24,"column":19},"end":{"line":24,"column":20}}],"line":24},"1":{"loc":{"start":{"line":24,"column":22},"end":{"line":24,"column":32}},"type":"default-arg","locations":[{"start":{"line":24,"column":30},"end":{"line":24,"column":32}}],"line":24},"2":{"loc":{"start":{"line":28,"column":4},"end":{"line":34,"column":5}},"type":"if","locations":[{"start":{"line":28,"column":4},"end":{"line":34,"column":5}},{"start":{},"end":{}}],"line":28},"3":{"loc":{"start":{"line":63,"column":4},"end":{"line":65,"column":5}},"type":"if","locations":[{"start":{"line":63,"column":4},"end":{"line":65,"column":5}},{"start":{},"end":{}}],"line":63},"4":{"loc":{"start":{"line":81,"column":4},"end":{"line":83,"column":5}},"type":"if","locations":[{"start":{"line":81,"column":4},"end":{"line":83,"column":5}},{"start":{},"end":{}}],"line":81},"5":{"loc":{"start":{"line":105,"column":4},"end":{"line":107,"column":5}},"type":"if","locations":[{"start":{"line":105,"column":4},"end":{"line":107,"column":5}},{"start":{},"end":{}}],"line":105}},"s":{"0":2,"1":2,"2":2,"3":2,"4":2,"5":0,"6":0,"7":0,"8":0,"9":0,"10":0,"11":2,"12":0,"13":0,"14":0,"15":0,"16":0,"17":0,"18":0,"19":0,"20":0,"21":2,"22":0,"23":0,"24":0,"25":0,"26":0,"27":0,"28":0,"29":0,"30":2,"31":0,"32":0,"33":0,"34":0,"35":0,"36":0,"37":0,"38":0,"39":0,"40":0,"41":0,"42":2,"43":0,"44":0,"45":0,"46":0,"47":0,"48":0,"49":0,"50":0,"51":0,"52":0},"f":{"0":0,"1":0,"2":0,"3":0,"4":0},"b":{"0":[0],"1":[0],"2":[0,0],"3":[0,0],"4":[0,0],"5":[0,0]},"_coverageSchema":"1a1c01bbd47fc00a2c39e90264f33305004495a9","hash":"7e6c52404e9dbe5323c1b4ec65d17d525459933f"}
,"C:\\Users\\rahul\\college stuffs\\project 3\\hospital-admin-system\\backend\\src\\controllers\\userController.js": {"path":"C:\\Users\\rahul\\college stuffs\\project 3\\hospital-admin-system\\backend\\src\\controllers\\userController.js","statementMap":{"0":{"start":{"line":1,"column":15},"end":{"line":1,"column":35}},"1":{"start":{"line":2,"column":13},"end":{"line":2,"column":38}},"2":{"start":{"line":3,"column":21},"end":{"line":3,"column":53}},"3":{"start":{"line":4,"column":17},"end":{"line":4,"column":57}},"4":{"start":{"line":6,"column":0},"end":{"line":39,"column":2}},"5":{"start":{"line":7,"column":2},"end":{"line":38,"column":3}},"6":{"start":{"line":8,"column":45},"end":{"line":8,"column":54}},"7":{"start":{"line":9,"column":19},"end":{"line":9,"column":37}},"8":{"start":{"line":11,"column":18},"end":{"line":11,"column":20}},"9":{"start":{"line":12,"column":4},"end":{"line":17,"column":5}},"10":{"start":{"line":13,"column":6},"end":{"line":16,"column":8}},"11":{"start":{"line":19,"column":28},"end":{"line":24,"column":6}},"12":{"start":{"line":26,"column":4},"end":{"line":35,"column":7}},"13":{"start":{"line":37,"column":4},"end":{"line":37,"column":16}},"14":{"start":{"line":41,"column":0},"end":{"line":56,"column":2}},"15":{"start":{"line":42,"column":2},"end":{"line":55,"column":3}},"16":{"start":{"line":43,"column":19},"end":{"line":43,"column":29}},"17":{"start":{"line":44,"column":17},"end":{"line":44,"column":40}},"18":{"start":{"line":46,"column":4},"end":{"line":48,"column":5}},"19":{"start":{"line":47,"column":6},"end":{"line":47,"column":48}},"20":{"start":{"line":50,"column":4},"end":{"line":50,"column":73}},"21":{"start":{"line":52,"column":4},"end":{"line":52,"column":48}},"22":{"start":{"line":54,"column":4},"end":{"line":54,"column":16}},"23":{"start":{"line":58,"column":0},"end":{"line":85,"column":2}},"24":{"start":{"line":59,"column":2},"end":{"line":84,"column":3}},"25":{"start":{"line":60,"column":19},"end":{"line":60,"column":29}},"26":{"start":{"line":61,"column":23},"end":{"line":61,"column":31}},"27":{"start":{"line":64,"column":4},"end":{"line":64,"column":35}},"28":{"start":{"line":65,"column":4},"end":{"line":65,"column":38}},"29":{"start":{"line":67,"column":17},"end":{"line":67,"column":40}},"30":{"start":{"line":68,"column":4},"end":{"line":70,"column":5}},"31":{"start":{"line":69,"column":6},"end":{"line":69,"column":48}},"32":{"start":{"line":72,"column":25},"end":{"line":72,"column":38}},"33":{"start":{"line":73,"column":4},"end":{"line":73,"column":34}},"34":{"start":{"line":75,"column":4},"end":{"line":75,"column":92}},"35":{"start":{"line":77,"column":4},"end":{"line":81,"column":7}},"36":{"start":{"line":83,"column":4},"end":{"line":83,"column":16}},"37":{"start":{"line":87,"column":0},"end":{"line":110,"column":2}},"38":{"start":{"line":88,"column":2},"end":{"line":109,"column":3}},"39":{"start":{"line":89,"column":19},"end":{"line":89,"column":29}},"40":{"start":{"line":91,"column":17},"end":{"line":91,"column":40}},"41":{"start":{"line":92,"column":4},"end":{"line":94,"column":5}},"42":{"start":{"line":93,"column":6},"end":{"line":93,"column":48}},"43":{"start":{"line":97,"column":4},"end":{"line":99,"column":5}},"44":{"start":{"line":98,"column":6},"end":{"line":98,"column":64}},"45":{"start":{"line":101,"column":21},"end":{"line":101,"column":34}},"46":{"start":{"line":102,"column":4},"end":{"line":102,"column":25}},"47":{"start":{"line":104,"column":4},"end":{"line":104,"column":79}},"48":{"start":{"line":106,"column":4},"end":{"line":106,"column":74}},"49":{"start":{"line":108,"column":4},"end":{"line":108,"column":16}}},"fnMap":{"0":{"name":"(anonymous_0)","decl":{"start":{"line":6,"column":19},"end":{"line":6,"column":20}},"loc":{"start":{"line":6,"column":45},"end":{"line":39,"column":1}},"line":6},"1":{"name":"(anonymous_1)","decl":{"start":{"line":41,"column":22},"end":{"line":41,"column":23}},"loc":{"start":{"line":41,"column":48},"end":{"line":56,"column":1}},"line":41},"2":{"name":"(anonymous_2)","decl":{"start":{"line":58,"column":21},"end":{"line":58,"column":22}},"loc":{"start":{"line":58,"column":47},"end":{"line":85,"column":1}},"line":58},"3":{"name":"(anonymous_3)","decl":{"start":{"line":87,"column":21},"end":{"line":87,"column":22}},"loc":{"start":{"line":87,"column":47},"end":{"line":110,"column":1}},"line":87}},"branchMap":{"0":{"loc":{"start":{"line":8,"column":12},"end":{"line":8,"column":20}},"type":"default-arg","locations":[{"start":{"line":8,"column":19},"end":{"line":8,"column":20}}],"line":8},"1":{"loc":{"start":{"line":8,"column":22},"end":{"line":8,"column":32}},"type":"default-arg","locations":[{"start":{"line":8,"column":30},"end":{"line":8,"column":32}}],"line":8},"2":{"loc":{"start":{"line":12,"column":4},"end":{"line":17,"column":5}},"type":"if","locations":[{"start":{"line":12,"column":4},"end":{"line":17,"column":5}},{"start":{},"end":{}}],"line":12},"3":{"loc":{"start":{"line":46,"column":4},"end":{"line":48,"column":5}},"type":"if","locations":[{"start":{"line":46,"column":4},"end":{"line":48,"column":5}},{"start":{},"end":{}}],"line":46},"4":{"loc":{"start":{"line":68,"column":4},"end":{"line":70,"column":5}},"type":"if","locations":[{"start":{"line":68,"column":4},"end":{"line":70,"column":5}},{"start":{},"end":{}}],"line":68},"5":{"loc":{"start":{"line":92,"column":4},"end":{"line":94,"column":5}},"type":"if","locations":[{"start":{"line":92,"column":4},"end":{"line":94,"column":5}},{"start":{},"end":{}}],"line":92},"6":{"loc":{"start":{"line":97,"column":4},"end":{"line":99,"column":5}},"type":"if","locations":[{"start":{"line":97,"column":4},"end":{"line":99,"column":5}},{"start":{},"end":{}}],"line":97}},"s":{"0":2,"1":2,"2":2,"3":2,"4":2,"5":0,"6":0,"7":0,"8":0,"9":0,"10":0,"11":0,"12":0,"13":0,"14":2,"15":0,"16":0,"17":0,"18":0,"19":0,"20":0,"21":0,"22":0,"23":2,"24":0,"25":0,"26":0,"27":0,"28":0,"29":0,"30":0,"31":0,"32":0,"33":0,"34":0,"35":0,"36":0,"37":2,"38":0,"39":0,"40":0,"41":0,"42":0,"43":0,"44":0,"45":0,"46":0,"47":0,"48":0,"49":0},"f":{"0":0,"1":0,"2":0,"3":0},"b":{"0":[0],"1":[0],"2":[0,0],"3":[0,0],"4":[0,0],"5":[0,0],"6":[0,0]},"_coverageSchema":"1a1c01bbd47fc00a2c39e90264f33305004495a9","hash":"8a887f5e20f7bc4cf62cc21d9ef987a966cbcef6"}
,"C:\\Users\\rahul\\college stuffs\\project 3\\hospital-admin-system\\backend\\src\\controllers\\wardController.js": {"path":"C:\\Users\\rahul\\college stuffs\\project 3\\hospital-admin-system\\backend\\src\\controllers\\wardController.js","statementMap":{"0":{"start":{"line":1,"column":28},"end":{"line":1,"column":53}},"1":{"start":{"line":2,"column":21},"end":{"line":2,"column":53}},"2":{"start":{"line":3,"column":17},"end":{"line":3,"column":57}},"3":{"start":{"line":4,"column":15},"end":{"line":4,"column":35}},"4":{"start":{"line":5,"column":18},"end":{"line":5,"column":47}},"5":{"start":{"line":6,"column":16},"end":{"line":6,"column":44}},"6":{"start":{"line":9,"column":0},"end":{"line":30,"column":2}},"7":{"start":{"line":10,"column":2},"end":{"line":29,"column":3}},"8":{"start":{"line":11,"column":61},"end":{"line":11,"column":69}},"9":{"start":{"line":12,"column":17},"end":{"line":18,"column":6}},"10":{"start":{"line":20,"column":4},"end":{"line":20,"column":89}},"11":{"start":{"line":22,"column":4},"end":{"line":26,"column":7}},"12":{"start":{"line":28,"column":4},"end":{"line":28,"column":16}},"13":{"start":{"line":32,"column":0},"end":{"line":76,"column":2}},"14":{"start":{"line":33,"column":2},"end":{"line":75,"column":3}},"15":{"start":{"line":34,"column":37},"end":{"line":34,"column":46}},"16":{"start":{"line":35,"column":19},"end":{"line":35,"column":37}},"17":{"start":{"line":37,"column":28},"end":{"line":48,"column":6}},"18":{"start":{"line":51,"column":4},"end":{"line":61,"column":7}},"19":{"start":{"line":52,"column":26},"end":{"line":52,"column":27}},"20":{"start":{"line":53,"column":6},"end":{"line":59,"column":7}},"21":{"start":{"line":54,"column":8},"end":{"line":58,"column":11}},"22":{"start":{"line":55,"column":10},"end":{"line":57,"column":11}},"23":{"start":{"line":56,"column":12},"end":{"line":56,"column":87}},"24":{"start":{"line":56,"column":53},"end":{"line":56,"column":78}},"25":{"start":{"line":60,"column":6},"end":{"line":60,"column":40}},"26":{"start":{"line":63,"column":4},"end":{"line":72,"column":7}},"27":{"start":{"line":74,"column":4},"end":{"line":74,"column":16}},"28":{"start":{"line":78,"column":0},"end":{"line":110,"column":2}},"29":{"start":{"line":79,"column":2},"end":{"line":109,"column":3}},"30":{"start":{"line":80,"column":19},"end":{"line":80,"column":29}},"31":{"start":{"line":81,"column":17},"end":{"line":89,"column":6}},"32":{"start":{"line":91,"column":4},"end":{"line":93,"column":5}},"33":{"start":{"line":92,"column":6},"end":{"line":92,"column":48}},"34":{"start":{"line":96,"column":24},"end":{"line":96,"column":25}},"35":{"start":{"line":97,"column":4},"end":{"line":103,"column":5}},"36":{"start":{"line":98,"column":6},"end":{"line":102,"column":9}},"37":{"start":{"line":99,"column":8},"end":{"line":101,"column":9}},"38":{"start":{"line":100,"column":10},"end":{"line":100,"column":85}},"39":{"start":{"line":100,"column":51},"end":{"line":100,"column":76}},"40":{"start":{"line":104,"column":4},"end":{"line":104,"column":38}},"41":{"start":{"line":106,"column":4},"end":{"line":106,"column":48}},"42":{"start":{"line":108,"column":4},"end":{"line":108,"column":16}},"43":{"start":{"line":112,"column":0},"end":{"line":135,"column":2}},"44":{"start":{"line":113,"column":2},"end":{"line":134,"column":3}},"45":{"start":{"line":114,"column":19},"end":{"line":114,"column":29}},"46":{"start":{"line":115,"column":23},"end":{"line":115,"column":31}},"47":{"start":{"line":117,"column":17},"end":{"line":117,"column":40}},"48":{"start":{"line":118,"column":4},"end":{"line":120,"column":5}},"49":{"start":{"line":119,"column":6},"end":{"line":119,"column":48}},"50":{"start":{"line":122,"column":25},"end":{"line":122,"column":38}},"51":{"start":{"line":123,"column":4},"end":{"line":123,"column":34}},"52":{"start":{"line":125,"column":4},"end":{"line":125,"column":92}},"53":{"start":{"line":127,"column":4},"end":{"line":131,"column":7}},"54":{"start":{"line":133,"column":4},"end":{"line":133,"column":16}},"55":{"start":{"line":138,"column":0},"end":{"line":163,"column":2}},"56":{"start":{"line":139,"column":2},"end":{"line":162,"column":3}},"57":{"start":{"line":140,"column":34},"end":{"line":140,"column":42}},"58":{"start":{"line":142,"column":17},"end":{"line":142,"column":44}},"59":{"start":{"line":143,"column":4},"end":{"line":145,"column":5}},"60":{"start":{"line":144,"column":6},"end":{"line":144,"column":48}},"61":{"start":{"line":147,"column":16},"end":{"line":151,"column":6}},"62":{"start":{"line":153,"column":4},"end":{"line":153,"column":86}},"63":{"start":{"line":155,"column":4},"end":{"line":159,"column":7}},"64":{"start":{"line":161,"column":4},"end":{"line":161,"column":16}},"65":{"start":{"line":165,"column":0},"end":{"line":232,"column":2}},"66":{"start":{"line":166,"column":2},"end":{"line":231,"column":3}},"67":{"start":{"line":167,"column":19},"end":{"line":167,"column":29}},"68":{"start":{"line":168,"column":42},"end":{"line":168,"column":50}},"69":{"start":{"line":170,"column":16},"end":{"line":170,"column":38}},"70":{"start":{"line":171,"column":4},"end":{"line":173,"column":5}},"71":{"start":{"line":172,"column":6},"end":{"line":172,"column":47}},"72":{"start":{"line":175,"column":25},"end":{"line":175,"column":37}},"73":{"start":{"line":176,"column":22},"end":{"line":176,"column":32}},"74":{"start":{"line":177,"column":4},"end":{"line":177,"column":24}},"75":{"start":{"line":180,"column":4},"end":{"line":190,"column":5}},"76":{"start":{"line":181,"column":6},"end":{"line":181,"column":48}},"77":{"start":{"line":182,"column":6},"end":{"line":182,"column":42}},"78":{"start":{"line":183,"column":11},"end":{"line":190,"column":5}},"79":{"start":{"line":184,"column":6},"end":{"line":184,"column":36}},"80":{"start":{"line":185,"column":6},"end":{"line":185,"column":35}},"81":{"start":{"line":186,"column":11},"end":{"line":190,"column":5}},"82":{"start":{"line":188,"column":6},"end":{"line":188,"column":35}},"83":{"start":{"line":189,"column":6},"end":{"line":189,"column":36}},"84":{"start":{"line":192,"column":4},"end":{"line":192,"column":21}},"85":{"start":{"line":195,"column":17},"end":{"line":197,"column":6}},"86":{"start":{"line":199,"column":4},"end":{"line":211,"column":5}},"87":{"start":{"line":200,"column":19},"end":{"line":200,"column":28}},"88":{"start":{"line":201,"column":22},"end":{"line":207,"column":8}},"89":{"start":{"line":209,"column":28},"end":{"line":209,"column":79}},"90":{"start":{"line":209,"column":48},"end":{"line":209,"column":71}},"91":{"start":{"line":210,"column":6},"end":{"line":210,"column":57}},"92":{"start":{"line":214,"column":23},"end":{"line":220,"column":6}},"93":{"start":{"line":222,"column":4},"end":{"line":222,"column":97}},"94":{"start":{"line":224,"column":4},"end":{"line":228,"column":7}},"95":{"start":{"line":230,"column":4},"end":{"line":230,"column":16}},"96":{"start":{"line":234,"column":0},"end":{"line":278,"column":2}},"97":{"start":{"line":235,"column":2},"end":{"line":277,"column":3}},"98":{"start":{"line":236,"column":34},"end":{"line":236,"column":43}},"99":{"start":{"line":239,"column":25},"end":{"line":247,"column":5}},"100":{"start":{"line":250,"column":4},"end":{"line":253,"column":5}},"101":{"start":{"line":252,"column":6},"end":{"line":252,"column":57}},"102":{"start":{"line":256,"column":4},"end":{"line":258,"column":5}},"103":{"start":{"line":257,"column":6},"end":{"line":257,"column":60}},"104":{"start":{"line":260,"column":17},"end":{"line":260,"column":48}},"105":{"start":{"line":262,"column":20},"end":{"line":269,"column":5}},"106":{"start":{"line":264,"column":34},"end":{"line":264,"column":58}},"107":{"start":{"line":265,"column":33},"end":{"line":265,"column":56}},"108":{"start":{"line":266,"column":36},"end":{"line":266,"column":62}},"109":{"start":{"line":267,"column":33},"end":{"line":267,"column":56}},"110":{"start":{"line":268,"column":33},"end":{"line":268,"column":56}},"111":{"start":{"line":271,"column":4},"end":{"line":274,"column":7}},"112":{"start":{"line":276,"column":4},"end":{"line":276,"column":16}},"113":{"start":{"line":281,"column":0},"end":{"line":363,"column":2}},"114":{"start":{"line":282,"column":12},"end":{"line":282,"column":41}},"115":{"start":{"line":283,"column":2},"end":{"line":362,"column":3}},"116":{"start":{"line":284,"column":26},"end":{"line":284,"column":36}},"117":{"start":{"line":285,"column":26},"end":{"line":285,"column":34}},"118":{"start":{"line":288,"column":4},"end":{"line":290,"column":5}},"119":{"start":{"line":289,"column":6},"end":{"line":289,"column":56}},"120":{"start":{"line":293,"column":16},"end":{"line":293,"column":61}},"121":{"start":{"line":294,"column":4},"end":{"line":296,"column":5}},"122":{"start":{"line":295,"column":6},"end":{"line":295,"column":47}},"123":{"start":{"line":299,"column":4},"end":{"line":301,"column":5}},"124":{"start":{"line":300,"column":6},"end":{"line":300,"column":69}},"125":{"start":{"line":304,"column":20},"end":{"line":304,"column":73}},"126":{"start":{"line":305,"column":4},"end":{"line":307,"column":5}},"127":{"start":{"line":306,"column":6},"end":{"line":306,"column":51}},"128":{"start":{"line":310,"column":25},"end":{"line":310,"column":37}},"129":{"start":{"line":313,"column":4},"end":{"line":313,"column":28}},"130":{"start":{"line":314,"column":4},"end":{"line":314,"column":38}},"131":{"start":{"line":315,"column":4},"end":{"line":315,"column":40}},"132":{"start":{"line":316,"column":4},"end":{"line":316,"column":39}},"133":{"start":{"line":319,"column":17},"end":{"line":322,"column":6}},"134":{"start":{"line":324,"column":4},"end":{"line":337,"column":5}},"135":{"start":{"line":325,"column":19},"end":{"line":325,"column":28}},"136":{"start":{"line":326,"column":22},"end":{"line":333,"column":8}},"137":{"start":{"line":335,"column":28},"end":{"line":335,"column":79}},"138":{"start":{"line":335,"column":48},"end":{"line":335,"column":71}},"139":{"start":{"line":336,"column":6},"end":{"line":336,"column":77}},"140":{"start":{"line":340,"column":4},"end":{"line":340,"column":21}},"141":{"start":{"line":343,"column":23},"end":{"line":349,"column":6}},"142":{"start":{"line":351,"column":4},"end":{"line":351,"column":100}},"143":{"start":{"line":353,"column":4},"end":{"line":357,"column":7}},"144":{"start":{"line":360,"column":4},"end":{"line":360,"column":23}},"145":{"start":{"line":361,"column":4},"end":{"line":361,"column":16}},"146":{"start":{"line":365,"column":0},"end":{"line":435,"column":2}},"147":{"start":{"line":366,"column":12},"end":{"line":366,"column":41}},"148":{"start":{"line":367,"column":2},"end":{"line":434,"column":3}},"149":{"start":{"line":368,"column":26},"end":{"line":368,"column":36}},"150":{"start":{"line":371,"column":16},"end":{"line":371,"column":61}},"151":{"start":{"line":372,"column":4},"end":{"line":374,"column":5}},"152":{"start":{"line":373,"column":6},"end":{"line":373,"column":47}},"153":{"start":{"line":377,"column":4},"end":{"line":379,"column":5}},"154":{"start":{"line":378,"column":6},"end":{"line":378,"column":63}},"155":{"start":{"line":382,"column":25},"end":{"line":382,"column":37}},"156":{"start":{"line":385,"column":4},"end":{"line":385,"column":29}},"157":{"start":{"line":386,"column":4},"end":{"line":386,"column":33}},"158":{"start":{"line":387,"column":4},"end":{"line":387,"column":34}},"159":{"start":{"line":388,"column":4},"end":{"line":388,"column":39}},"160":{"start":{"line":391,"column":17},"end":{"line":394,"column":6}},"161":{"start":{"line":396,"column":4},"end":{"line":409,"column":5}},"162":{"start":{"line":397,"column":19},"end":{"line":397,"column":28}},"163":{"start":{"line":398,"column":22},"end":{"line":405,"column":8}},"164":{"start":{"line":407,"column":28},"end":{"line":407,"column":79}},"165":{"start":{"line":407,"column":48},"end":{"line":407,"column":71}},"166":{"start":{"line":408,"column":6},"end":{"line":408,"column":77}},"167":{"start":{"line":412,"column":4},"end":{"line":412,"column":21}},"168":{"start":{"line":415,"column":23},"end":{"line":421,"column":6}},"169":{"start":{"line":423,"column":4},"end":{"line":423,"column":102}},"170":{"start":{"line":425,"column":4},"end":{"line":429,"column":7}},"171":{"start":{"line":432,"column":4},"end":{"line":432,"column":23}},"172":{"start"
[...]
,"C:\\Users\\rahul\\college stuffs\\project 3\\hospital-admin-system\\backend\\src\\models\\AuditLog.js": {"path":"C:\\Users\\rahul\\college stuffs\\project 3\\hospital-admin-system\\backend\\src\\models\\AuditLog.js","statementMap":{"0":{"start":{"line":1,"column":22},"end":{"line":1,"column":42}},"1":{"start":{"line":2,"column":18},"end":{"line":2,"column":47}},"2":{"start":{"line":4,"column":17},"end":{"line":50,"column":2}},"3":{"start":{"line":52,"column":0},"end":{"line":52,"column":26}}},"fnMap":{},"branchMap":{},"s":{"0":2,"1":2,"2":2,"3":2},"f":{},"b":{},"_coverageSchema":"1a1c01bbd47fc00a2c39e90264f33305004495a9","hash":"61adad47e8c3daba9cc69cd5a864476fd346b9c5"}
,"C:\\Users\\rahul\\college stuffs\\project 3\\hospital-admin-system\\backend\\src\\models\\InventoryItem.js": {"path":"C:\\Users\\rahul\\college stuffs\\project 3\\hospital-admin-system\\backend\\src\\models\\InventoryItem.js","statementMap":{"0":{"start":{"line":1,"column":22},"end":{"line":1,"column":42}},"1":{"start":{"line":2,"column":18},"end":{"line":2,"column":47}},"2":{"start":{"line":4,"column":22},"end":{"line":52,"column":2}},"3":{"start":{"line":54,"column":0},"end":{"line":54,"column":31}}},"fnMap":{},"branchMap":{},"s":{"0":2,"1":2,"2":2,"3":2},"f":{},"b":{},"_coverageSchema":"1a1c01bbd47fc00a2c39e90264f33305004495a9","hash":"305f91751b0762cf7c64655dba021d53efa0c5bd"}
,"C:\\Users\\rahul\\college stuffs\\project 3\\hospital-admin-system\\backend\\src\\models\\Invoice.js": {"path":"C:\\Users\\rahul\\college stuffs\\project 3\\hospital-admin-system\\backend\\src\\models\\Invoice.js","statementMap":{"0":{"start":{"line":1,"column":22},"end":{"line":1,"column":42}},"1":{"start":{"line":2,"column":18},"end":{"line":2,"column":47}},"2":{"start":{"line":3,"column":16},"end":{"line":3,"column":36}},"3":{"start":{"line":4,"column":13},"end":{"line":4,"column":30}},"4":{"start":{"line":6,"column":16},"end":{"line":68,"column":2}},"5":{"start":{"line":70,"column":24},"end":{"line":109,"column":2}},"6":{"start":{"line":111,"column":0},"end":{"line":111,"column":100}},"7":{"start":{"line":112,"column":0},"end":{"line":112,"column":79}},"8":{"start":{"line":113,"column":0},"end":{"line":113,"column":71}},"9":{"start":{"line":115,"column":0},"end":{"line":115,"column":46}}},"fnMap":{},"branchMap":{},"s":{"0":2,"1":2,"2":2,"3":2,"4":2,"5":2,"6":2,"7":2,"8":2,"9":2},"f":{},"b":{},"_coverageSchema":"1a1c01bbd47fc00a2c39e90264f33305004495a9","hash":"d799b8c1b3ad045c7990ce54f0602802b3faf731"}
,"C:\\Users\\rahul\\college stuffs\\project 3\\hospital-admin-system\\backend\\src\\models\\Patient.js": {"path":"C:\\Users\\rahul\\college stuffs\\project 3\\hospital-admin-system\\backend\\src\\models\\Patient.js","statementMap":{"0":{"start":{"line":1,"column":22},"end":{"line":1,"column":42}},"1":{"start":{"line":2,"column":18},"end":{"line":2,"column":47}},"2":{"start":{"line":4,"column":16},"end":{"line":70,"column":2}},"3":{"start":{"line":72,"column":0},"end":{"line":72,"column":25}}},"fnMap":{},"branchMap":{},"s":{"0":2,"1":2,"2":2,"3":2},"f":{},"b":{},"_coverageSchema":"1a1c01bbd47fc00a2c39e90264f33305004495a9","hash":"5222d986d583d6f1e49dd74f43d74788cd89f463"}
,"C:\\Users\\rahul\\college stuffs\\project 3\\hospital-admin-system\\backend\\src\\models\\User.js": {"path":"C:\\Users\\rahul\\college stuffs\\project 3\\hospital-admin-system\\backend\\src\\models\\User.js","statementMap":{"0":{"start":{"line":1,"column":22},"end":{"line":1,"column":42}},"1":{"start":{"line":2,"column":18},"end":{"line":2,"column":47}},"2":{"start":{"line":4,"column":13},"end":{"line":53,"column":2}},"3":{"start":{"line":55,"column":0},"end":{"line":55,"column":22}}},"fnMap":{},"branchMap":{},"s":{"0":2,"1":2,"2":2,"3":2},"f":{},"b":{},"_coverageSchema":"1a1c01bbd47fc00a2c39e90264f33305004495a9","hash":"5f2397e26b42637f9dfc456ce6b53ec441b0226c"}
,"C:\\Users\\rahul\\college stuffs\\project 3\\hospital-admin-system\\backend\\src\\models\\Ward.js": {"path":"C:\\Users\\rahul\\college stuffs\\project 3\\hospital-admin-system\\backend\\src\\models\\Ward.js","statementMap":{"0":{"start":{"line":1,"column":22},"end":{"line":1,"column":42}},"1":{"start":{"line":2,"column":18},"end":{"line":2,"column":47}},"2":{"start":{"line":4,"column":13},"end":{"line":35,"column":2}},"3":{"start":{"line":37,"column":13},"end":{"line":73,"column":2}},"4":{"start":{"line":75,"column":12},"end":{"line":109,"column":2}},"5":{"start":{"line":111,"column":0},"end":{"line":111,"column":58}},"6":{"start":{"line":112,"column":0},"end":{"line":112,"column":59}},"7":{"start":{"line":113,"column":0},"end":{"line":113,"column":56}},"8":{"start":{"line":114,"column":0},"end":{"line":114,"column":58}},"9":{"start":{"line":116,"column":0},"end":{"line":116,"column":37}}},"fnMap":{},"branchMap":{},"s":{"0":2,"1":2,"2":2,"3":2,"4":2,"5":2,"6":2,"7":2,"8":2,"9":2},"f":{},"b":{},"_coverageSchema":"1a1c01bbd47fc00a2c39e90264f33305004495a9","hash":"51455a086c3f5bff6b058acf0859f85d20ffdf03"}
,"C:\\Users\\rahul\\college stuffs\\project 3\\hospital-admin-system\\backend\\src\\routes\\appointmentRoutes.js": {"path":"C:\\Users\\rahul\\college stuffs\\project 3\\hospital-admin-system\\backend\\src\\routes\\appointmentRoutes.js","statementMap":{"0":{"start":{"line":1,"column":16},"end":{"line":1,"column":34}},"1":{"start":{"line":2,"column":15},"end":{"line":2,"column":31}},"2":{"start":{"line":3,"column":30},"end":{"line":3,"column":77}},"3":{"start":{"line":4,"column":36},"end":{"line":4,"column":65}},"4":{"start":{"line":6,"column":0},"end":{"line":6,"column":118}},"5":{"start":{"line":7,"column":0},"end":{"line":7,"column":69}},"6":{"start":{"line":8,"column":0},"end":{"line":8,"column":75}},"7":{"start":{"line":9,"column":0},"end":{"line":9,"column":120}},"8":{"start":{"line":10,"column":0},"end":{"line":10,"column":129}},"9":{"start":{"line":12,"column":0},"end":{"line":12,"column":24}}},"fnMap":{},"branchMap":{},"s":{"0":2,"1":2,"2":2,"3":2,"4":2,"5":2,"6":2,"7":2,"8":2,"9":2},"f":{},"b":{},"_coverageSchema":"1a1c01bbd47fc00a2c39e90264f33305004495a9","hash":"59a23733ac08bcdb8c90ac594c475ad8e8eaad54"}
,"C:\\Users\\rahul\\college stuffs\\project 3\\hospital-admin-system\\backend\\src\\routes\\authRoutes.js": {"path":"C:\\Users\\rahul\\college stuffs\\project 3\\hospital-admin-system\\backend\\src\\routes\\authRoutes.js","statementMap":{"0":{"start":{"line":1,"column":16},"end":{"line":1,"column":34}},"1":{"start":{"line":2,"column":15},"end":{"line":2,"column":31}},"2":{"start":{"line":3,"column":23},"end":{"line":3,"column":63}},"3":{"start":{"line":4,"column":25},"end":{"line":4,"column":54}},"4":{"start":{"line":6,"column":0},"end":{"line":6,"column":50}},"5":{"start":{"line":7,"column":0},"end":{"line":7,"column":44}},"6":{"start":{"line":8,"column":0},"end":{"line":8,"column":53}},"7":{"start":{"line":9,"column":0},"end":{"line":9,"column":60}},"8":{"start":{"line":10,"column":0},"end":{"line":10,"column":77}},"9":{"start":{"line":11,"column":0},"end":{"line":11,"column":76}},"10":{"start":{"line":12,"column":0},"end":{"line":12,"column":61}},"11":{"start":{"line":14,"column":0},"end":{"line":14,"column":24}}},"fnMap":{},"branchMap":{},"s":{"0":2,"1":2,"2":2,"3":2,"4":2,"5":2,"6":2,"7":2,"8":2,"9":2,"10":2,"11":2},"f":{},"b":{},"_coverageSchema":"1a1c01bbd47fc00a2c39e90264f33305004495a9","hash":"fad0495342080c56f5d363eb2b72fe45a753814a"}
,"C:\\Users\\rahul\\college stuffs\\project 3\\hospital-admin-system\\backend\\src\\routes\\inventoryRoutes.js": {"path":"C:\\Users\\rahul\\college stuffs\\project 3\\hospital-admin-system\\backend\\src\\routes\\inventoryRoutes.js","statementMap":{"0":{"start":{"line":1,"column":16},"end":{"line":1,"column":34}},"1":{"start":{"line":2,"column":15},"end":{"line":2,"column":31}},"2":{"start":{"line":3,"column":28},"end":{"line":3,"column":73}},"3":{"start":{"line":4,"column":36},"end":{"line":4,"column":65}},"4":{"start":{"line":6,"column":0},"end":{"line":6,"column":106}},"5":{"start":{"line":7,"column":0},"end":{"line":7,"column":69}},"6":{"start":{"line":8,"column":0},"end":{"line":8,"column":77}},"7":{"start":{"line":9,"column":0},"end":{"line":9,"column":75}},"8":{"start":{"line":10,"column":0},"end":{"line":10,"column":108}},"9":{"start":{"line":11,"column":0},"end":{"line":11,"column":113}},"10":{"start":{"line":13,"column":0},"end":{"line":13,"column":24}}},"fnMap":{},"branchMap":{},"s":{"0":2,"1":2,"2":2,"3":2,"4":2,"5":2,"6":2,"7":2,"8":2,"9":2,"10":2},"f":{},"b":{},"_coverageSchema":"1a1c01bbd47fc00a2c39e90264f33305004495a9","hash":"2c72f0b040880d5d3bbf14099cc10913aa59e577"}
,"C:\\Users\\rahul\\college stuffs\\project 3\\hospital-admin-system\\backend\\src\\routes\\invoiceRoutes.js": {"path":"C:\\Users\\rahul\\college stuffs\\project 3\\hospital-admin-system\\backend\\src\\routes\\invoiceRoutes.js","statementMap":{"0":{"start":{"line":1,"column":16},"end":{"line":1,"column":34}},"1":{"start":{"line":2,"column":15},"end":{"line":2,"column":31}},"2":{"start":{"line":3,"column":26},"end":{"line":3,"column":69}},"3":{"start":{"line":4,"column":36},"end":{"line":4,"column":65}},"4":{"start":{"line":6,"column":0},"end":{"line":6,"column":98}},"5":{"start":{"line":7,"column":0},"end":{"line":7,"column":61}},"6":{"start":{"line":8,"column":0},"end":{"line":8,"column":67}},"7":{"start":{"line":9,"column":0},"end":{"line":9,"column":115}},"8":{"start":{"line":11,"column":0},"end":{"line":11,"column":24}}},"fnMap":{},"branchMap":{},"s":{"0":2,"1":2,"2":2,"3":2,"4":2,"5":2,"6":2,"7":2,"8":2},"f":{},"b":{},"_coverageSchema":"1a1c01bbd47fc00a2c39e90264f33305004495a9","hash":"67805c956429fd882156ee611bc846c66c52a46e"}
,"C:\\Users\\rahul\\college stuffs\\project 3\\hospital-admin-system\\backend\\src\\routes\\patientRoutes.js": {"path":"C:\\Users\\rahul\\college stuffs\\project 3\\hospital-admin-system\\backend\\src\\routes\\patientRoutes.js","statementMap":{"0":{"start":{"line":1,"column":16},"end":{"line":1,"column":34}},"1":{"start":{"line":2,"column":15},"end":{"line":2,"column":31}},"2":{"start":{"line":3,"column":26},"end":{"line":3,"column":69}},"3":{"start":{"line":4,"column":36},"end":{"line":4,"column":65}},"4":{"start":{"line":6,"column":0},"end":{"line":6,"column":110}},"5":{"start":{"line":7,"column":0},"end":{"line":7,"column":61}},"6":{"start":{"line":8,"column":0},"end":{"line":8,"column":67}},"7":{"start":{"line":9,"column":0},"end":{"line":9,"column":112}},"8":{"start":{"line":10,"column":0},"end":{"line":10,"column":89}},"9":{"start":{"line":12,"column":0},"end":{"line":12,"column":24}}},"fnMap":{},"branchMap":{},"s":{"0":2,"1":2,"2":2,"3":2,"4":2,"5":2,"6":2,"7":2,"8":2,"9":2},"f":{},"b":{},"_coverageSchema":"1a1c01bbd47fc00a2c39e90264f33305004495a9","hash":"9132c2be1346e7722f02c95ff390b7a735e25c40"}
,"C:\\Users\\rahul\\college stuffs\\project 3\\hospital-admin-system\\backend\\src\\routes\\userRoutes.js": {"path":"C:\\Users\\rahul\\college stuffs\\project 3\\hospital-admin-system\\backend\\src\\routes\\userRoutes.js","statementMap":{"0":{"start":{"line":1,"column":16},"end":{"line":1,"column":34}},"1":{"start":{"line":2,"column":15},"end":{"line":2,"column":31}},"2":{"start":{"line":3,"column":23},"end":{"line":3,"column":63}},"3":{"start":{"line":4,"column":36},"end":{"line":4,"column":65}},"4":{"start":{"line":7,"column":0},"end":{"line":7,"column":75}},"5":{"start":{"line":8,"column":0},"end":{"line":8,"column":81}},"6":{"start":{"line":9,"column":0},"end":{"line":9,"column":80}},"7":{"start":{"line":10,"column":0},"end":{"line":10,"column":83}},"8":{"start":{"line":12,"column":0},"end":{"line":12,"column":24}}},"fnMap":{},"branchMap":{},"s":{"0":2,"1":2,"2":2,"3":2,"4":2,"5":2,"6":2,"7":2,"8":2},"f":{},"b":{},"_coverageSchema":"1a1c01bbd47fc00a2c39e90264f33305004495a9","hash":"fe6dcd59903403614bfb3d5227425ac262d2c669"}
,"C:\\Users\\rahul\\college stuffs\\project 3\\hospital-admin-system\\backend\\src\\routes\\wardRoutes.js": {"path":"C:\\Users\\rahul\\college stuffs\\project 3\\hospital-admin-system\\backend\\src\\routes\\wardRoutes.js","statementMap":{"0":{"start":{"line":1,"column":16},"end":{"line":1,"column":34}},"1":{"start":{"line":2,"column":15},"end":{"line":2,"column":31}},"2":{"start":{"line":3,"column":23},"end":{"line":3,"column":63}},"3":{"start":{"line":4,"column":36},"end":{"line":4,"column":65}},"4":{"start":{"line":7,"column":0},"end":{"line":7,"column":78}},"5":{"start":{"line":8,"column":0},"end":{"line":8,"column":55}},"6":{"start":{"line":9,"column":0},"end":{"line":9,"column":61}},"7":{"start":{"line":10,"column":0},"end":{"line":10,"column":80}},"8":{"start":{"line":13,"column":0},"end":{"line":13,"column":89}},"9":{"start":{"line":14,"column":0},"end":{"line":14,"column":108}},"10":{"start":{"line":15,"column":0},"end":{"line":15,"column":70}},"11":{"start":{"line":18,"column":0},"end":{"line":18,"column":101}},"12":{"start":{"line":19,"column":0},"end":{"line":19,"column":105}},"13":{"start":{"line":21,"column":0},"end":{"line":21,"column":24}}},"fnMap":{},"branchMap":{},"s":{"0":2,"1":2,"2":2,"3":2,"4":2,"5":2,"6":2,"7":2,"8":2,"9":2,"10":2,"11":2,"12":2,"13":2},"f":{},"b":{},"_coverageSchema":"1a1c01bbd47fc00a2c39e90264f33305004495a9","hash":"b9fd233e99e73ffe423734fb8b5d3aa09f10a6ff"}
,"C:\\Users\\rahul\\college stuffs\\project 3\\hospital-admin-system\\backend\\src\\utils\\errorHandler.js": {"path":"C:\\Users\\rahul\\college stuffs\\project 3\\hospital-admin-system\\backend\\src\\utils\\errorHandler.js","statementMap":{"0":{"start":{"line":3,"column":4},"end":{"line":3,"column":19}},"1":{"start":{"line":4,"column":4},"end":{"line":4,"column":33}},"2":{"start":{"line":5,"column":4},"end":{"line":5,"column":52}},"3":{"start":{"line":9,"column":20},"end":{"line":17,"column":1}},"4":{"start":{"line":10,"column":40},"end":{"line":10,"column":43}},"5":{"start":{"line":11,"column":2},"end":{"line":16,"column":5}},"6":{"start":{"line":19,"column":0},"end":{"line":22,"column":2}}},"fnMap":{"0":{"name":"(anonymous_0)","decl":{"start":{"line":2,"column":2},"end":{"line":2,"column":3}},"loc":{"start":{"line":2,"column":35},"end":{"line":6,"column":3}},"line":2},"1":{"name":"(anonymous_1)","decl":{"start":{"line":9,"column":20},"end":{"line":9,"column":21}},"loc":{"start":{"line":9,"column":34},"end":{"line":17,"column":1}},"line":9}},"branchMap":{"0":{"loc":{"start":{"line":10,"column":10},"end":{"line":10,"column":26}},"type":"default-arg","locations":[{"start":{"line":10,"column":23},"end":{"line":10,"column":26}}],"line":10},"1":{"loc":{"start":{"line":15,"column":8},"end":{"line":15,"column":70}},"type":"binary-expr","locations":[{"start":{"line":15,"column":8},"end":{"line":15,"column":46}},{"start":{"line":15,"column":50},"end":{"line":15,"column":70}}],"line":15}},"s":{"0":8,"1":8,"2":8,"3":2,"4":0,"5":0,"6":2},"f":{"0":8,"1":0},"b":{"0":[0],"1":[0,0]},"_coverageSchema":"1a1c01bbd47fc00a2c39e90264f33305004495a9","hash":"63ca5b180d9a74502d330ff0bf90a1dcf2d1caf8"}
,"C:\\Users\\rahul\\college stuffs\\project 3\\hospital-admin-system\\backend\\src\\utils\\jwtUtils.js": {"path":"C:\\Users\\rahul\\college stuffs\\project 3\\hospital-admin-system\\backend\\src\\utils\\jwtUtils.js","statementMap":{"0":{"start":{"line":1,"column":12},"end":{"line":1,"column":35}},"1":{"start":{"line":2,"column":0},"end":{"line":2,"column":27}},"2":{"start":{"line":4,"column":28},"end":{"line":10,"column":1}},"3":{"start":{"line":5,"column":2},"end":{"line":9,"column":4}},"4":{"start":{"line":12,"column":29},"end":{"line":18,"column":1}},"5":{"start":{"line":13,"column":2},"end":{"line":17,"column":4}},"6":{"start":{"line":20,"column":20},"end":{"line":26,"column":1}},"7":{"start":{"line":21,"column":2},"end":{"line":25,"column":3}},"8":{"start":{"line":22,"column":4},"end":{"line":22,"column":53}},"9":{"start":{"line":24,"column":4},"end":{"line":24,"column":16}},"10":{"start":{"line":28,"column":35},"end":{"line":34,"column":1}},"11":{"start":{"line":29,"column":2},"end":{"line":33,"column":4}},"12":{"start":{"line":36,"column":0},"end":{"line":41,"column":2}}},"fnMap":{"0":{"name":"(anonymous_0)","decl":{"start":{"line":4,"column":28},"end":{"line":4,"column":29}},"loc":{"start":{"line":4,"column":46},"end":{"line":10,"column":1}},"line":4},"1":{"name":"(anonymous_1)","decl":{"start":{"line":12,"column":29},"end":{"line":12,"column":30}},"loc":{"start":{"line":12,"column":41},"end":{"line":18,"column":1}},"line":12},"2":{"name":"(anonymous_2)","decl":{"start":{"line":20,"column":20},"end":{"line":20,"column":21}},"loc":{"start":{"line":20,"column":31},"end":{"line":26,"column":1}},"line":20},"3":{"name":"(anonymous_3)","decl":{"start":{"line":28,"column":35},"end":{"line":28,"column":36}},"loc":{"start":{"line":28,"column":47},"end":{"line":34,"column":1}},"line":28}},"branchMap":{"0":{"loc":{"start":{"line":8,"column":17},"end":{"line":8,"column":51}},"type":"binary-expr","locations":[{"start":{"line":8,"column":17},"end":{"line":8,"column":43}},{"start":{"line":8,"column":47},"end":{"line":8,"column":51}}],"line":8},"1":{"loc":{"start":{"line":16,"column":17},"end":{"line":16,"column":60}},"type":"binary-expr","locations":[{"start":{"line":16,"column":17},"end":{"line":16,"column":51}},{"start":{"line":16,"column":55},"end":{"line":16,"column":60}}],"line":16}},"s":{"0":2,"1":2,"2":2,"3":2,"4":2,"5":2,"6":2,"7":11,"8":11,"9":0,"10":2,"11":0,"12":2},"f":{"0":2,"1":2,"2":11,"3":0},"b":{"0":[2,0],"1":[2,0]},"_coverageSchema":"1a1c01bbd47fc00a2c39e90264f33305004495a9","hash":"e33203b61ec5838af0a44c664aafa27e5687ac5e"}
,"C:\\Users\\rahul\\college stuffs\\project 3\\hospital-admin-system\\backend\\src\\utils\\passwordUtils.js": {"path":"C:\\Users\\rahul\\college stuffs\\project 3\\hospital-admin-system\\backend\\src\\utils\\passwordUtils.js","statementMap":{"0":{"start":{"line":1,"column":15},"end":{"line":1,"column":34}},"1":{"start":{"line":3,"column":21},"end":{"line":6,"column":1}},"2":{"start":{"line":4,"column":15},"end":{"line":4,"column":39}},"3":{"start":{"line":5,"column":2},"end":{"line":5,"column":37}},"4":{"start":{"line":8,"column":24},"end":{"line":10,"column":1}},"5":{"start":{"line":9,"column":2},"end":{"line":9,"column":40}},"6":{"start":{"line":12,"column":25},"end":{"line":16,"column":1}},"7":{"start":{"line":14,"column":16},"end":{"line":14,"column":86}},"8":{"start":{"line":15,"column":2},"end":{"line":15,"column":30}},"9":{"start":{"line":18,"column":0},"end":{"line":22,"column":2}}},"fnMap":{"0":{"name":"(anonymous_0)","decl":{"start":{"line":3,"column":21},"end":{"line":3,"column":22}},"loc":{"start":{"line":3,"column":41},"end":{"line":6,"column":1}},"line":3},"1":{"name":"(anonymous_1)","decl":{"start":{"line":8,"column":24},"end":{"line":8,"column":25}},"loc":{"start":{"line":8,"column":50},"end":{"line":10,"column":1}},"line":8},"2":{"name":"(anonymous_2)","decl":{"start":{"line":12,"column":25},"end":{"line":12,"column":26}},"loc":{"start":{"line":12,"column":39},"end":{"line":16,"column":1}},"line":12}},"branchMap":{},"s":{"0":2,"1":2,"2":2,"3":2,"4":2,"5":1,"6":2,"7":2,"8":2,"9":2},"f":{"0":2,"1":1,"2":2},"b":{},"_coverageSchema":"1a1c01bbd47fc00a2c39e90264f33305004495a9","hash":"9160e462c203e271970bb3025fb9bd08688d6f72"}
}
