TN:
SF:src\index.js
FN:22,(anonymous_0)
FN:49,(anonymous_1)
FN:64,(anonymous_2)
FN:69,(anonymous_3)
FN:80,(anonymous_4)
FN:97,(anonymous_5)
FN:99,(anonymous_6)
FNF:7
FNH:3
FNDA:15,(anonymous_0)
FNDA:15,(anonymous_1)
FNDA:1,(anonymous_2)
FNDA:0,(anonymous_3)
FNDA:0,(anonymous_4)
FNDA:0,(anonymous_5)
FNDA:0,(anonymous_6)
DA:1,2
DA:2,2
DA:3,2
DA:4,2
DA:5,2
DA:6,2
DA:8,2
DA:9,2
DA:10,2
DA:11,2
DA:12,2
DA:13,2
DA:14,2
DA:16,2
DA:18,2
DA:21,2
DA:24,15
DA:27,0
DA:28,0
DA:32,0
DA:33,0
DA:34,0
DA:37,0
DA:43,2
DA:44,2
DA:45,2
DA:46,2
DA:49,2
DA:50,15
DA:51,15
DA:55,2
DA:56,2
DA:57,2
DA:58,2
DA:59,2
DA:60,2
DA:61,2
DA:64,2
DA:65,1
DA:69,2
DA:70,0
DA:77,2
DA:80,2
DA:81,0
DA:82,0
DA:83,0
DA:87,0
DA:88,0
DA:90,0
DA:91,0
DA:96,2
DA:97,2
DA:98,0
DA:99,0
DA:100,0
DA:105,2
DA:106,0
DA:109,2
LF:58
LH:40
BRDA:24,0,0,15
BRDA:24,0,1,0
BRDA:27,1,0,0
BRDA:27,1,1,0
BRDA:27,2,0,0
BRDA:27,2,1,0
BRDA:32,3,0,0
BRDA:32,3,1,0
BRDA:33,4,0,0
BRDA:33,4,1,0
BRDA:96,5,0,2
BRDA:96,5,1,0
BRDA:105,6,0,0
BRDA:105,6,1,2
BRF:14
BRH:3
end_of_record
TN:
SF:src\config\database.js
FNF:0
FNH:0
DA:1,2
DA:2,2
DA:6,2
DA:8,2
DA:19,0
DA:42,2
LF:6
LH:5
BRDA:6,0,0,2
BRDA:6,0,1,0
BRDA:10,1,0,2
BRDA:10,1,1,0
BRDA:11,2,0,0
BRDA:11,2,1,2
BRDA:24,3,0,0
BRDA:24,3,1,0
BRDA:27,4,0,0
BRDA:27,4,1,0
BRF:10
BRH:3
end_of_record
TN:
SF:src\config\logger.js
FNF:0
FNH:0
DA:1,2
DA:2,2
DA:4,2
DA:18,2
DA:19,2
DA:27,2
LF:6
LH:6
BRDA:5,0,0,2
BRDA:5,0,1,2
BRDA:18,1,0,2
BRDA:18,1,1,0
BRF:4
BRH:3
end_of_record
TN:
SF:src\controllers\appointmentController.js
FN:8,(anonymous_0)
FN:57,(anonymous_1)
FN:98,(anonymous_2)
FN:118,(anonymous_3)
FN:160,(anonymous_4)
FNF:5
FNH:0
FNDA:0,(anonymous_0)
FNDA:0,(anonymous_1)
FNDA:0,(anonymous_2)
FNDA:0,(anonymous_3)
FNDA:0,(anonymous_4)
DA:1,2
DA:2,2
DA:3,2
DA:4,2
DA:5,2
DA:6,2
DA:8,2
DA:9,0
DA:10,0
DA:13,0
DA:18,0
DA:19,0
DA:22,0
DA:31,0
DA:32,0
DA:35,0
DA:45,0
DA:47,0
DA:53,0
DA:57,2
DA:58,0
DA:59,0
DA:60,0
DA:62,0
DA:63,0
DA:64,0
DA:65,0
DA:66,0
DA:68,0
DA:69,0
DA:70,0
DA:72,0
DA:83,0
DA:94,0
DA:98,2
DA:99,0
DA:100,0
DA:101,0
DA:108,0
DA:109,0
DA:112,0
DA:114,0
DA:118,2
DA:119,0
DA:120,0
DA:121,0
DA:123,0
DA:124,0
DA:125,0
DA:129,0
DA:130,0
DA:140,0
DA:141,0
DA:145,0
DA:146,0
DA:148,0
DA:150,0
DA:156,0
DA:160,2
DA:161,0
DA:162,0
DA:164,0
DA:165,0
DA:166,0
DA:169,0
DA:170,0
DA:171,0
DA:173,0
DA:175,0
DA:181,0
LF:70
LH:11
BRDA:18,0,0,0
BRDA:18,0,1,0
BRDA:19,1,0,0
BRDA:19,1,1,0
BRDA:31,2,0,0
BRDA:31,2,1,0
BRDA:59,3,0,0
BRDA:59,4,0,0
BRDA:63,5,0,0
BRDA:63,5,1,0
BRDA:63,6,0,0
BRDA:63,6,1,0
BRDA:65,7,0,0
BRDA:65,7,1,0
BRDA:66,8,0,0
BRDA:66,8,1,0
BRDA:68,9,0,0
BRDA:68,9,1,0
BRDA:69,10,0,0
BRDA:69,10,1,0
BRDA:70,11,0,0
BRDA:70,11,1,0
BRDA:108,12,0,0
BRDA:108,12,1,0
BRDA:124,13,0,0
BRDA:124,13,1,0
BRDA:129,14,0,0
BRDA:129,14,1,0
BRDA:129,15,0,0
BRDA:129,15,1,0
BRDA:134,16,0,0
BRDA:134,16,1,0
BRDA:135,17,0,0
BRDA:135,17,1,0
BRDA:140,18,0,0
BRDA:140,18,1,0
BRDA:165,19,0,0
BRDA:165,19,1,0
BRF:38
BRH:0
end_of_record
TN:
SF:src\controllers\authController.js
FN:7,(anonymous_0)
FN:55,(anonymous_1)
FN:102,(anonymous_2)
FN:131,(anonymous_3)
FN:140,(anonymous_4)
FN:170,(anonymous_5)
FN:189,(anonymous_6)
FNF:7
FNH:2
FNDA:2,(anonymous_0)
FNDA:1,(anonymous_1)
FNDA:0,(anonymous_2)
FNDA:0,(anonymous_3)
FNDA:0,(anonymous_4)
FNDA:0,(anonymous_5)
FNDA:0,(anonymous_6)
DA:1,2
DA:2,2
DA:3,2
DA:4,2
DA:5,2
DA:7,2
DA:8,2
DA:9,2
DA:11,2
DA:12,0
DA:15,2
DA:16,1
DA:19,1
DA:20,1
DA:21,0
DA:24,1
DA:25,1
DA:33,1
DA:35,1
DA:36,1
DA:38,1
DA:51,1
DA:55,2
DA:56,1
DA:57,1
DA:59,1
DA:60,0
DA:63,1
DA:64,1
DA:65,0
DA:68,1
DA:69,1
DA:70,0
DA:73,1
DA:74,0
DA:77,1
DA:78,1
DA:80,1
DA:82,1
DA:83,1
DA:85,1
DA:98,0
DA:102,2
DA:103,0
DA:104,0
DA:106,0
DA:107,0
DA:110,0
DA:111,0
DA:112,0
DA:115,0
DA:116,0
DA:117,0
DA:120,0
DA:122,0
DA:127,0
DA:131,2
DA:132,0
DA:133,0
DA:134,0
DA:136,0
DA:140,2
DA:141,0
DA:142,0
DA:143,0
DA:145,0
DA:146,0
DA:147,0
DA:150,0
DA:151,0
DA:152,0
DA:155,0
DA:156,0
DA:159,0
DA:160,0
DA:162,0
DA:164,0
DA:166,0
DA:170,2
DA:171,0
DA:172,0
DA:174,0
DA:175,0
DA:177,0
DA:180,0
DA:183,0
DA:185,0
DA:189,2
DA:190,0
DA:191,0
DA:193,0
DA:194,0
DA:195,0
DA:198,0
DA:199,0
DA:200,0
DA:203,0
DA:204,0
DA:207,0
DA:208,0
DA:210,0
DA:212,0
DA:214,0
LF:103
LH:40
BRDA:9,0,0,2
BRDA:11,1,0,0
BRDA:11,1,1,2
BRDA:11,2,0,2
BRDA:11,2,1,2
BRDA:11,2,2,2
BRDA:15,3,0,1
BRDA:15,3,1,1
BRDA:20,4,0,0
BRDA:20,4,1,1
BRDA:59,5,0,0
BRDA:59,5,1,1
BRDA:59,6,0,1
BRDA:59,6,1,1
BRDA:64,7,0,0
BRDA:64,7,1,1
BRDA:69,8,0,0
BRDA:69,8,1,1
BRDA:73,9,0,0
BRDA:73,9,1,1
BRDA:106,10,0,0
BRDA:106,10,1,0
BRDA:111,11,0,0
BRDA:111,11,1,0
BRDA:116,12,0,0
BRDA:116,12,1,0
BRDA:146,13,0,0
BRDA:146,13,1,0
BRDA:151,14,0,0
BRDA:151,14,1,0
BRDA:155,15,0,0
BRDA:155,15,1,0
BRDA:175,16,0,0
BRDA:175,16,1,0
BRDA:194,17,0,0
BRDA:194,17,1,0
BRDA:194,18,0,0
BRDA:194,18,1,0
BRDA:199,19,0,0
BRDA:199,19,1,0
BRDA:203,20,0,0
BRDA:203,20,1,0
BRF:42
BRH:14
end_of_record
TN:
SF:src\controllers\inventoryController.js
FN:6,(anonymous_0)
FN:23,(anonymous_1)
FN:62,(anonymous_2)
FN:77,(anonymous_3)
FN:102,(anonymous_4)
FN:128,(anonymous_5)
FNF:6
FNH:0
FNDA:0,(anonymous_0)
FNDA:0,(anonymous_1)
FNDA:0,(anonymous_2)
FNDA:0,(anonymous_3)
FNDA:0,(anonymous_4)
FNDA:0,(anonymous_5)
DA:1,2
DA:2,2
DA:3,2
DA:4,2
DA:6,2
DA:7,0
DA:8,0
DA:9,0
DA:11,0
DA:13,0
DA:19,0
DA:23,2
DA:24,0
DA:25,0
DA:26,0
DA:28,0
DA:29,0
DA:30,0
DA:35,0
DA:36,0
DA:37,0
DA:40,0
DA:47,0
DA:58,0
DA:62,2
DA:63,0
DA:64,0
DA:65,0
DA:67,0
DA:68,0
DA:71,0
DA:73,0
DA:77,2
DA:78,0
DA:79,0
DA:80,0
DA:82,0
DA:83,0
DA:84,0
DA:87,0
DA:88,0
DA:90,0
DA:92,0
DA:98,0
DA:102,2
DA:103,0
DA:104,0
DA:105,0
DA:107,0
DA:108,0
DA:109,0
DA:112,0
DA:113,0
DA:114,0
DA:116,0
DA:118,0
DA:124,0
DA:128,2
DA:129,0
DA:130,0
DA:138,0
DA:143,0
LF:62
LH:10
BRDA:25,0,0,0
BRDA:25,1,0,0
BRDA:29,2,0,0
BRDA:29,2,1,0
BRDA:35,3,0,0
BRDA:35,3,1,0
BRDA:36,4,0,0
BRDA:36,4,1,0
BRDA:67,5,0,0
BRDA:67,5,1,0
BRDA:83,6,0,0
BRDA:83,6,1,0
BRDA:108,7,0,0
BRDA:108,7,1,0
BRF:14
BRH:0
end_of_record
TN:
SF:src\controllers\invoiceController.js
FN:7,(anonymous_0)
FN:15,(anonymous_1)
FN:77,(anonymous_2)
FN:114,(anonymous_3)
FN:134,(anonymous_4)
FNF:5
FNH:0
FNDA:0,(anonymous_0)
FNDA:0,(anonymous_1)
FNDA:0,(anonymous_2)
FNDA:0,(anonymous_3)
FNDA:0,(anonymous_4)
DA:1,2
DA:2,2
DA:3,2
DA:4,2
DA:5,2
DA:7,2
DA:8,0
DA:11,0
DA:12,0
DA:15,2
DA:16,0
DA:17,0
DA:19,0
DA:20,0
DA:21,0
DA:24,0
DA:25,0
DA:27,0
DA:37,0
DA:38,0
DA:39,0
DA:40,0
DA:50,0
DA:51,0
DA:53,0
DA:61,0
DA:65,0
DA:67,0
DA:73,0
DA:77,2
DA:78,0
DA:79,0
DA:80,0
DA:82,0
DA:83,0
DA:84,0
DA:85,0
DA:86,0
DA:88,0
DA:89,0
DA:91,0
DA:99,0
DA:110,0
DA:114,2
DA:115,0
DA:116,0
DA:117,0
DA:124,0
DA:125,0
DA:128,0
DA:130,0
DA:134,2
DA:135,0
DA:136,0
DA:137,0
DA:139,0
DA:140,0
DA:141,0
DA:144,0
DA:145,0
DA:146,0
DA:147,0
DA:148,0
DA:150,0
DA:152,0
DA:158,0
LF:66
LH:10
BRDA:11,0,0,0
BRDA:11,0,1,0
BRDA:17,1,0,0
BRDA:17,2,0,0
BRDA:17,3,0,0
BRDA:20,4,0,0
BRDA:20,4,1,0
BRDA:79,5,0,0
BRDA:79,6,0,0
BRDA:83,7,0,0
BRDA:83,7,1,0
BRDA:83,8,0,0
BRDA:83,8,1,0
BRDA:85,9,0,0
BRDA:85,9,1,0
BRDA:86,10,0,0
BRDA:86,10,1,0
BRDA:88,11,0,0
BRDA:88,11,1,0
BRDA:89,12,0,0
BRDA:89,12,1,0
BRDA:124,13,0,0
BRDA:124,13,1,0
BRDA:140,14,0,0
BRDA:140,14,1,0
BRDA:146,15,0,0
BRDA:146,15,1,0
BRDA:147,16,0,0
BRDA:147,16,1,0
BRF:29
BRH:0
end_of_record
TN:
SF:src\controllers\patientController.js
FN:6,(anonymous_0)
FN:22,(anonymous_1)
FN:58,(anonymous_2)
FN:75,(anonymous_3)
FN:100,(anonymous_4)
FNF:5
FNH:0
FNDA:0,(anonymous_0)
FNDA:0,(anonymous_1)
FNDA:0,(anonymous_2)
FNDA:0,(anonymous_3)
FNDA:0,(anonymous_4)
DA:1,2
DA:2,2
DA:3,2
DA:4,2
DA:6,2
DA:7,0
DA:8,0
DA:9,0
DA:10,0
DA:12,0
DA:18,0
DA:22,2
DA:23,0
DA:24,0
DA:25,0
DA:27,0
DA:28,0
DA:29,0
DA:36,0
DA:43,0
DA:54,0
DA:58,2
DA:59,0
DA:60,0
DA:61,0
DA:63,0
DA:64,0
DA:67,0
DA:69,0
DA:71,0
DA:75,2
DA:76,0
DA:77,0
DA:78,0
DA:80,0
DA:81,0
DA:82,0
DA:85,0
DA:86,0
DA:88,0
DA:90,0
DA:96,0
DA:100,2
DA:101,0
DA:102,0
DA:104,0
DA:105,0
DA:106,0
DA:109,0
DA:110,0
DA:112,0
DA:114,0
DA:116,0
LF:53
LH:9
BRDA:24,0,0,0
BRDA:24,1,0,0
BRDA:28,2,0,0
BRDA:28,2,1,0
BRDA:63,3,0,0
BRDA:63,3,1,0
BRDA:81,4,0,0
BRDA:81,4,1,0
BRDA:105,5,0,0
BRDA:105,5,1,0
BRF:10
BRH:0
end_of_record
TN:
SF:src\controllers\userController.js
FN:6,(anonymous_0)
FN:41,(anonymous_1)
FN:58,(anonymous_2)
FN:87,(anonymous_3)
FNF:4
FNH:0
FNDA:0,(anonymous_0)
FNDA:0,(anonymous_1)
FNDA:0,(anonymous_2)
FNDA:0,(anonymous_3)
DA:1,2
DA:2,2
DA:3,2
DA:4,2
DA:6,2
DA:7,0
DA:8,0
DA:9,0
DA:11,0
DA:12,0
DA:13,0
DA:19,0
DA:26,0
DA:37,0
DA:41,2
DA:42,0
DA:43,0
DA:44,0
DA:46,0
DA:47,0
DA:50,0
DA:52,0
DA:54,0
DA:58,2
DA:59,0
DA:60,0
DA:61,0
DA:64,0
DA:65,0
DA:67,0
DA:68,0
DA:69,0
DA:72,0
DA:73,0
DA:75,0
DA:77,0
DA:83,0
DA:87,2
DA:88,0
DA:89,0
DA:91,0
DA:92,0
DA:93,0
DA:97,0
DA:98,0
DA:101,0
DA:102,0
DA:104,0
DA:106,0
DA:108,0
LF:50
LH:8
BRDA:8,0,0,0
BRDA:8,1,0,0
BRDA:12,2,0,0
BRDA:12,2,1,0
BRDA:46,3,0,0
BRDA:46,3,1,0
BRDA:68,4,0,0
BRDA:68,4,1,0
BRDA:92,5,0,0
BRDA:92,5,1,0
BRDA:97,6,0,0
BRDA:97,6,1,0
BRF:12
BRH:0
end_of_record
TN:
SF:src\controllers\wardController.js
FN:9,(anonymous_0)
FN:32,(anonymous_1)
FN:51,(anonymous_2)
FN:54,(anonymous_3)
FN:56,(anonymous_4)
FN:78,(anonymous_5)
FN:98,(anonymous_6)
FN:100,(anonymous_7)
FN:112,(anonymous_8)
FN:138,(anonymous_9)
FN:165,(anonymous_10)
FN:209,(anonymous_11)
FN:234,(anonymous_12)
FN:264,(anonymous_13)
FN:265,(anonymous_14)
FN:266,(anonymous_15)
FN:267,(anonymous_16)
FN:268,(anonymous_17)
FN:281,(anonymous_18)
FN:335,(anonymous_19)
FN:365,(anonymous_20)
FN:407,(anonymous_21)
FNF:22
FNH:4
FNDA:0,(anonymous_0)
FNDA:0,(anonymous_1)
FNDA:0,(anonymous_2)
FNDA:0,(anonymous_3)
FNDA:0,(anonymous_4)
FNDA:0,(anonymous_5)
FNDA:0,(anonymous_6)
FNDA:0,(anonymous_7)
FNDA:0,(anonymous_8)
FNDA:0,(anonymous_9)
FNDA:0,(anonymous_10)
FNDA:0,(anonymous_11)
FNDA:0,(anonymous_12)
FNDA:0,(anonymous_13)
FNDA:0,(anonymous_14)
FNDA:0,(anonymous_15)
FNDA:0,(anonymous_16)
FNDA:0,(anonymous_17)
FNDA:7,(anonymous_18)
FNDA:3,(anonymous_19)
FNDA:4,(anonymous_20)
FNDA:3,(anonymous_21)
DA:1,2
DA:2,2
DA:3,2
DA:4,2
DA:5,2
DA:6,2
DA:9,2
DA:10,0
DA:11,0
DA:12,0
DA:20,0
DA:22,0
DA:28,0
DA:32,2
DA:33,0
DA:34,0
DA:35,0
DA:37,0
DA:51,0
DA:52,0
DA:53,0
DA:54,0
DA:55,0
DA:56,0
DA:60,0
DA:63,0
DA:74,0
DA:78,2
DA:79,0
DA:80,0
DA:81,0
DA:91,0
DA:92,0
DA:96,0
DA:97,0
DA:98,0
DA:99,0
DA:100,0
DA:104,0
DA:106,0
DA:108,0
DA:112,2
DA:113,0
DA:114,0
DA:115,0
DA:117,0
DA:118,0
DA:119,0
DA:122,0
DA:123,0
DA:125,0
DA:127,0
DA:133,0
DA:138,2
DA:139,0
DA:140,0
DA:142,0
DA:143,0
DA:144,0
DA:147,0
DA:153,0
DA:155,0
DA:161,0
DA:165,2
DA:166,0
DA:167,0
DA:168,0
DA:170,0
DA:171,0
DA:172,0
DA:175,0
DA:176,0
DA:177,0
DA:180,0
DA:181,0
DA:182,0
DA:183,0
DA:184,0
DA:185,0
DA:186,0
DA:188,0
DA:189,0
DA:192,0
DA:195,0
DA:199,0
DA:200,0
DA:201,0
DA:209,0
DA:210,0
DA:214,0
DA:222,0
DA:224,0
DA:230,0
DA:234,2
DA:235,0
DA:236,0
DA:239,0
DA:250,0
DA:252,0
DA:256,0
DA:257,0
DA:260,0
DA:262,0
DA:264,0
DA:265,0
DA:266,0
DA:267,0
DA:268,0
DA:271,0
DA:276,0
DA:281,2
DA:282,7
DA:283,7
DA:284,7
DA:285,7
DA:288,7
DA:289,1
DA:293,6
DA:294,6
DA:295,1
DA:299,5
DA:300,2
DA:304,3
DA:305,3
DA:306,1
DA:310,2
DA:313,2
DA:314,2
DA:315,2
DA:316,2
DA:319,2
DA:324,2
DA:325,2
DA:326,2
DA:335,3
DA:336,2
DA:340,2
DA:343,2
DA:351,2
DA:353,2
DA:360,5
DA:361,5
DA:365,2
DA:366,4
DA:367,4
DA:368,4
DA:371,4
DA:372,4
DA:373,1
DA:377,3
DA:378,1
DA:382,2
DA:385,2
DA:386,2
DA:387,2
DA:388,2
DA:391,2
DA:396,2
DA:397,2
DA:398,2
DA:407,3
DA:408,2
DA:412,2
DA:415,2
DA:423,2
DA:425,2
DA:432,2
DA:433,2
LF:168
LH:71
BRDA:34,0,0,0
BRDA:34,1,0,0
BRDA:53,2,0,0
BRDA:53,2,1,0
BRDA:53,3,0,0
BRDA:53,3,1,0
BRDA:55,4,0,0
BRDA:55,4,1,0
BRDA:55,5,0,0
BRDA:55,5,1,0
BRDA:91,6,0,0
BRDA:91,6,1,0
BRDA:97,7,0,0
BRDA:97,7,1,0
BRDA:97,8,0,0
BRDA:97,8,1,0
BRDA:99,9,0,0
BRDA:99,9,1,0
BRDA:99,10,0,0
BRDA:99,10,1,0
BRDA:118,11,0,0
BRDA:118,11,1,0
BRDA:143,12,0,0
BRDA:143,12,1,0
BRDA:171,13,0,0
BRDA:171,13,1,0
BRDA:180,14,0,0
BRDA:180,14,1,0
BRDA:180,15,0,0
BRDA:180,15,1,0
BRDA:183,16,0,0
BRDA:183,16,1,0
BRDA:183,17,0,0
BRDA:183,17,1,0
BRDA:186,18,0,0
BRDA:186,18,1,0
BRDA:199,19,0,0
BRDA:199,19,1,0
BRDA:199,20,0,0
BRDA:199,20,1,0
BRDA:250,21,0,0
BRDA:250,21,1,0
BRDA:256,22,0,0
BRDA:256,22,1,0
BRDA:288,23,0,1
BRDA:288,23,1,6
BRDA:294,24,0,1
BRDA:294,24,1,5
BRDA:299,25,0,2
BRDA:299,25,1,3
BRDA:305,26,0,1
BRDA:305,26,1,2
BRDA:324,27,0,2
BRDA:324,27,1,0
BRDA:324,28,0,2
BRDA:324,28,1,2
BRDA:372,29,0,1
BRDA:372,29,1,3
BRDA:377,30,0,1
BRDA:377,30,1,2
BRDA:396,31,0,2
BRDA:396,31,1,0
BRDA:396,32,0,2
BRDA:396,32,1,2
BRF:64
BRH:18
end_of_record
TN:
SF:src\middleware\auditMiddleware.js
FN:3,(anonymous_0)
FNF:1
FNH:1
FNDA:6,(anonymous_0)
DA:1,2
DA:3,2
DA:4,6
DA:5,6
DA:17,0
DA:21,2
LF:6
LH:5
BRDA:3,0,0,0
BRDA:3,1,0,0
BRDA:3,2,0,0
BRF:3
BRH:0
end_of_record
TN:
SF:src\middleware\auth.js
FN:4,(anonymous_0)
FN:33,(anonymous_1)
FN:34,(anonymous_2)
FNF:3
FNH:3
FNDA:11,(anonymous_0)
FNDA:42,(anonymous_1)
FNDA:11,(anonymous_2)
DA:1,2
DA:2,2
DA:4,2
DA:5,11
DA:6,11
DA:7,11
DA:8,0
DA:12,11
DA:13,0
DA:17,0
DA:20,11
DA:21,11
DA:22,0
DA:25,11
DA:26,11
DA:28,0
DA:29,0
DA:33,2
DA:34,42
DA:35,11
DA:36,0
DA:39,11
DA:40,0
DA:43,11
DA:47,2
LF:25
LH:17
BRDA:7,0,0,0
BRDA:7,0,1,11
BRDA:12,1,0,0
BRDA:12,1,1,11
BRDA:12,2,0,11
BRDA:12,2,1,0
BRDA:21,3,0,0
BRDA:21,3,1,11
BRDA:35,4,0,0
BRDA:35,4,1,11
BRDA:39,5,0,0
BRDA:39,5,1,11
BRF:12
BRH:6
end_of_record
TN:
SF:src\middleware\errorHandler.js
FN:4,(anonymous_0)
FNF:1
FNH:1
FNDA:8,(anonymous_0)
DA:1,2
DA:2,2
DA:4,2
DA:5,8
DA:12,8
DA:13,8
DA:19,0
DA:20,0
DA:27,0
DA:28,0
DA:34,0
DA:41,2
LF:12
LH:7
BRDA:12,0,0,8
BRDA:12,0,1,0
BRDA:19,1,0,0
BRDA:19,1,1,0
BRDA:27,2,0,0
BRDA:27,2,1,0
BRDA:37,3,0,0
BRDA:37,3,1,0
BRF:8
BRH:1
end_of_record
TN:
SF:src\models\Appointment.js
FNF:0
FNH:0
DA:1,2
DA:2,2
DA:3,2
DA:4,2
DA:6,2
DA:65,2
DA:66,2
DA:68,2
LF:8
LH:8
BRF:0
BRH:0
end_of_record
TN:
SF:src\models\AuditLog.js
FNF:0
FNH:0
DA:1,2
DA:2,2
DA:4,2
DA:52,2
LF:4
LH:4
BRF:0
BRH:0
end_of_record
TN:
SF:src\models\InventoryItem.js
FNF:0
FNH:0
DA:1,2
DA:2,2
DA:4,2
DA:54,2
LF:4
LH:4
BRF:0
BRH:0
end_of_record
TN:
SF:src\models\Invoice.js
FNF:0
FNH:0
DA:1,2
DA:2,2
DA:3,2
DA:4,2
DA:6,2
DA:70,2
DA:111,2
DA:112,2
DA:113,2
DA:115,2
LF:10
LH:10
BRF:0
BRH:0
end_of_record
TN:
SF:src\models\Patient.js
FNF:0
FNH:0
DA:1,2
DA:2,2
DA:4,2
DA:72,2
LF:4
LH:4
BRF:0
BRH:0
end_of_record
TN:
SF:src\models\User.js
FNF:0
FNH:0
DA:1,2
DA:2,2
DA:4,2
DA:55,2
LF:4
LH:4
BRF:0
BRH:0
end_of_record
TN:
SF:src\models\Ward.js
FNF:0
FNH:0
DA:1,2
DA:2,2
DA:4,2
DA:37,2
DA:75,2
DA:111,2
DA:112,2
DA:113,2
DA:114,2
DA:116,2
LF:10
LH:10
BRF:0
BRH:0
end_of_record
TN:
SF:src\routes\appointmentRoutes.js
FNF:0
FNH:0
DA:1,2
DA:2,2
DA:3,2
DA:4,2
DA:6,2
DA:7,2
DA:8,2
DA:9,2
DA:10,2
DA:12,2
LF:10
LH:10
BRF:0
BRH:0
end_of_record
TN:
SF:src\routes\authRoutes.js
FNF:0
FNH:0
DA:1,2
DA:2,2
DA:3,2
DA:4,2
DA:6,2
DA:7,2
DA:8,2
DA:9,2
DA:10,2
DA:11,2
DA:12,2
DA:14,2
LF:12
LH:12
BRF:0
BRH:0
end_of_record
TN:
SF:src\routes\inventoryRoutes.js
FNF:0
FNH:0
DA:1,2
DA:2,2
DA:3,2
DA:4,2
DA:6,2
DA:7,2
DA:8,2
DA:9,2
DA:10,2
DA:11,2
DA:13,2
LF:11
LH:11
BRF:0
BRH:0
end_of_record
TN:
SF:src\routes\invoiceRoutes.js
FNF:0
FNH:0
DA:1,2
DA:2,2
DA:3,2
DA:4,2
DA:6,2
DA:7,2
DA:8,2
DA:9,2
DA:11,2
LF:9
LH:9
BRF:0
BRH:0
end_of_record
TN:
SF:src\routes\patientRoutes.js
FNF:0
FNH:0
DA:1,2
DA:2,2
DA:3,2
DA:4,2
DA:6,2
DA:7,2
DA:8,2
DA:9,2
DA:10,2
DA:12,2
LF:10
LH:10
BRF:0
BRH:0
end_of_record
TN:
SF:src\routes\userRoutes.js
FNF:0
FNH:0
DA:1,2
DA:2,2
DA:3,2
DA:4,2
DA:7,2
DA:8,2
DA:9,2
DA:10,2
DA:12,2
LF:9
LH:9
BRF:0
BRH:0
end_of_record
TN:
SF:src\routes\wardRoutes.js
FNF:0
FNH:0
DA:1,2
DA:2,2
DA:3,2
DA:4,2
DA:7,2
DA:8,2
DA:9,2
DA:10,2
DA:13,2
DA:14,2
DA:15,2
DA:18,2
DA:19,2
DA:21,2
LF:14
LH:14
BRF:0
BRH:0
end_of_record
TN:
SF:src\utils\errorHandler.js
FN:2,(anonymous_0)
FN:9,(anonymous_1)
FNF:2
FNH:1
FNDA:8,(anonymous_0)
FNDA:0,(anonymous_1)
DA:3,8
DA:4,8
DA:5,8
DA:9,2
DA:10,0
DA:11,0
DA:19,2
LF:7
LH:5
BRDA:10,0,0,0
BRDA:15,1,0,0
BRDA:15,1,1,0
BRF:3
BRH:0
end_of_record
TN:
SF:src\utils\jwtUtils.js
FN:4,(anonymous_0)
FN:12,(anonymous_1)
FN:20,(anonymous_2)
FN:28,(anonymous_3)
FNF:4
FNH:3
FNDA:2,(anonymous_0)
FNDA:2,(anonymous_1)
FNDA:11,(anonymous_2)
FNDA:0,(anonymous_3)
DA:1,2
DA:2,2
DA:4,2
DA:5,2
DA:12,2
DA:13,2
DA:20,2
DA:21,11
DA:22,11
DA:24,0
DA:28,2
DA:29,0
DA:36,2
LF:13
LH:11
BRDA:8,0,0,2
BRDA:8,0,1,0
BRDA:16,1,0,2
BRDA:16,1,1,0
BRF:4
BRH:2
end_of_record
TN:
SF:src\utils\passwordUtils.js
FN:3,(anonymous_0)
FN:8,(anonymous_1)
FN:12,(anonymous_2)
FNF:3
FNH:3
FNDA:2,(anonymous_0)
FNDA:1,(anonymous_1)
FNDA:2,(anonymous_2)
DA:1,2
DA:3,2
DA:4,2
DA:5,2
DA:8,2
DA:9,1
DA:12,2
DA:14,2
DA:15,2
DA:18,2
LF:10
LH:10
BRF:0
BRH:0
end_of_record
